{"numTotalTestSuites":100,"numPassedTestSuites":64,"numFailedTestSuites":36,"numPendingTestSuites":0,"numTotalTests":197,"numPassedTests":141,"numFailedTests":56,"numPendingTests":0,"numTodoTests":0,"snapshot":{"added":0,"failure":false,"filesAdded":0,"filesRemoved":0,"filesRemovedList":[],"filesUnmatched":0,"filesUpdated":0,"matched":0,"total":0,"unchecked":0,"uncheckedKeysByFile":[],"unmatched":0,"updated":0,"didUpdate":false},"startTime":1775855487083,"success":false,"testResults":[{"assertionResults":[{"ancestorTitles":["E2E: Cron Job Creation Flow","User Journey: Create Simple Cron Job"],"fullName":"E2E: Cron Job Creation Flow User Journey: Create Simple Cron Job should complete full job creation flow with preset","status":"passed","title":"should complete full job creation flow with preset","duration":3.404092999999989,"failureMessages":[],"meta":{},"tags":[]},{"ancestorTitles":["E2E: Cron Job Creation Flow","User Journey: Create Simple Cron Job"],"fullName":"E2E: Cron Job Creation Flow User Journey: Create Simple Cron Job should create job with custom cron expression","status":"passed","title":"should create job with custom cron expression","duration":0.8024839999999358,"failureMessages":[],"meta":{},"tags":[]},{"ancestorTitles":["E2E: Cron Job Creation Flow","User Journey: Create Simple Cron Job"],"fullName":"E2E: Cron Job Creation Flow User Journey: Create Simple Cron Job should create job using \"every\" scheduler type","status":"passed","title":"should create job using \"every\" scheduler type","duration":0.38192100000003393,"failureMessages":[],"meta":{},"tags":[]},{"ancestorTitles":["E2E: Cron Job Creation Flow","User Journey: Create Simple Cron Job"],"fullName":"E2E: Cron Job Creation Flow User Journey: Create Simple Cron Job should create job using \"at\" scheduler type","status":"passed","title":"should create job using \"at\" scheduler type","duration":0.3013610000000426,"failureMessages":[],"meta":{},"tags":[]},{"ancestorTitles":["E2E: Cron Job Creation Flow","User Journey: Edit Existing Job"],"fullName":"E2E: Cron Job Creation Flow User Journey: Edit Existing Job should edit job schedule","status":"passed","title":"should edit job schedule","duration":1.1130450000000565,"failureMessages":[],"meta":{},"tags":[]},{"ancestorTitles":["E2E: Cron Job Creation Flow","User Journey: Edit Existing Job"],"fullName":"E2E: Cron Job Creation Flow User Journey: Edit Existing Job should toggle job enabled state","status":"passed","title":"should toggle job enabled state","duration":0.2434409999999616,"failureMessages":[],"meta":{},"tags":[]},{"ancestorTitles":["E2E: Cron Job Creation Flow","User Journey: Delete Job"],"fullName":"E2E: Cron Job Creation Flow User Journey: Delete Job should confirm and delete job","status":"passed","title":"should confirm and delete job","duration":0.6744820000000118,"failureMessages":[],"meta":{},"tags":[]},{"ancestorTitles":["E2E: Cron Job Management Flow"],"fullName":"E2E: Cron Job Management Flow should display job list correctly","status":"passed","title":"should display job list correctly","duration":0.2793609999999944,"failureMessages":[],"meta":{},"tags":[]},{"ancestorTitles":["E2E: Cron Job Management Flow"],"fullName":"E2E: Cron Job Management Flow should filter enabled jobs","status":"passed","title":"should filter enabled jobs","duration":0.24784099999999398,"failureMessages":[],"meta":{},"tags":[]},{"ancestorTitles":["E2E: Cron Job Management Flow"],"fullName":"E2E: Cron Job Management Flow should sort jobs by next run time","status":"passed","title":"should sort jobs by next run time","duration":0.3285610000000361,"failureMessages":[],"meta":{},"tags":[]},{"ancestorTitles":["E2E: Cron Job Management Flow"],"fullName":"E2E: Cron Job Management Flow should run job manually","status":"passed","title":"should run job manually","duration":0.3020409999999174,"failureMessages":[],"meta":{},"tags":[]},{"ancestorTitles":["E2E: Cron Job Management Flow"],"fullName":"E2E: Cron Job Management Flow should show job run history","status":"passed","title":"should show job run history","duration":0.2772810000000163,"failureMessages":[],"meta":{},"tags":[]},{"ancestorTitles":["E2E: Cron Expression Validation Flow"],"fullName":"E2E: Cron Expression Validation Flow should show error for invalid expression","status":"passed","title":"should show error for invalid expression","duration":0.3323609999999917,"failureMessages":[],"meta":{},"tags":[]},{"ancestorTitles":["E2E: Cron Expression Validation Flow"],"fullName":"E2E: Cron Expression Validation Flow should show preview for valid expression","status":"passed","title":"should show preview for valid expression","duration":0.2957210000000714,"failureMessages":[],"meta":{},"tags":[]},{"ancestorTitles":["E2E: Cron Expression Validation Flow"],"fullName":"E2E: Cron Expression Validation Flow should help user build expression visually","status":"passed","title":"should help user build expression visually","duration":0.14140099999997346,"failureMessages":[],"meta":{},"tags":[]},{"ancestorTitles":["E2E: Error Handling Flow"],"fullName":"E2E: Error Handling Flow should handle API error on save","status":"passed","title":"should handle API error on save","duration":0.3428409999999076,"failureMessages":[],"meta":{},"tags":[]},{"ancestorTitles":["E2E: Error Handling Flow"],"fullName":"E2E: Error Handling Flow should handle network error","status":"passed","title":"should handle network error","duration":0.2356409999999869,"failureMessages":[],"meta":{},"tags":[]},{"ancestorTitles":["E2E: Error Handling Flow"],"fullName":"E2E: Error Handling Flow should show loading state during API call","status":"passed","title":"should show loading state during API call","duration":104.83756299999993,"failureMessages":[],"meta":{},"tags":[]}],"startTime":1775855497311,"endTime":1775855497426.8376,"status":"passed","message":"","name":"/www/wwwroot/ai-work/tests/e2e/cron-editor.e2e.test.ts"},{"assertionResults":[{"ancestorTitles":["Auth API Routes"],"fullName":"Auth API Routes route 'GET' '/api/auth/config' is registered","status":"passed","title":"route 'GET' '/api/auth/config' is registered","duration":1.9888879999999745,"failureMessages":[],"meta":{},"tags":[]},{"ancestorTitles":["Auth API Routes"],"fullName":"Auth API Routes route 'POST' '/api/auth/login' is registered","status":"passed","title":"route 'POST' '/api/auth/login' is registered","duration":0.3823609999999462,"failureMessages":[],"meta":{},"tags":[]},{"ancestorTitles":["Auth API Routes"],"fullName":"Auth API Routes route 'POST' '/api/auth/logout' is registered","status":"passed","title":"route 'POST' '/api/auth/logout' is registered","duration":0.25596100000007027,"failureMessages":[],"meta":{},"tags":[]},{"ancestorTitles":["Auth API Routes"],"fullName":"Auth API Routes route 'GET' '/api/auth/check' is registered","status":"passed","title":"route 'GET' '/api/auth/check' is registered","duration":0.1852010000000064,"failureMessages":[],"meta":{},"tags":[]},{"ancestorTitles":["Auth API Input Validation"],"fullName":"Auth API Input Validation login requires username and password fields","status":"passed","title":"login requires username and password fields","duration":0.3333619999999655,"failureMessages":[],"meta":{},"tags":[]},{"ancestorTitles":["Auth API Input Validation"],"fullName":"Auth API Input Validation reject empty credentials","status":"passed","title":"reject empty credentials","duration":0.32080099999996037,"failureMessages":[],"meta":{},"tags":[]}],"startTime":1775855499513,"endTime":1775855499516.3333,"status":"passed","message":"","name":"/www/wwwroot/ai-work/tests/integration/auth.api.test.ts"},{"assertionResults":[{"ancestorTitles":["Cron Expression Parser","parseCronExpression"],"fullName":"Cron Expression Parser parseCronExpression should parse wildcard expression","status":"passed","title":"should parse wildcard expression","duration":2.4058499999999867,"failureMessages":[],"meta":{},"tags":[]},{"ancestorTitles":["Cron Expression Parser","parseCronExpression"],"fullName":"Cron Expression Parser parseCronExpression should parse single value","status":"passed","title":"should parse single value","duration":1.548406,"failureMessages":[],"meta":{},"tags":[]},{"ancestorTitles":["Cron Expression Parser","parseCronExpression"],"fullName":"Cron Expression Parser parseCronExpression should parse comma-separated values","status":"passed","title":"should parse comma-separated values","duration":0.5003619999999955,"failureMessages":[],"meta":{},"tags":[]},{"ancestorTitles":["Cron Expression Parser","parseCronExpression"],"fullName":"Cron Expression Parser parseCronExpression should parse range","status":"passed","title":"should parse range","duration":0.30124100000000453,"failureMessages":[],"meta":{},"tags":[]},{"ancestorTitles":["Cron Expression Parser","parseCronExpression"],"fullName":"Cron Expression Parser parseCronExpression should parse step values","status":"passed","title":"should parse step values","duration":0.24420099999997547,"failureMessages":[],"meta":{},"tags":[]},{"ancestorTitles":["Cron Expression Parser","parseCronExpression"],"fullName":"Cron Expression Parser parseCronExpression should parse complex expression","status":"passed","title":"should parse complex expression","duration":0.32288100000005215,"failureMessages":[],"meta":{},"tags":[]},{"ancestorTitles":["Cron Expression Parser","parseCronExpression"],"fullName":"Cron Expression Parser parseCronExpression should throw on invalid expression","status":"passed","title":"should throw on invalid expression","duration":1.017404000000056,"failureMessages":[],"meta":{},"tags":[]},{"ancestorTitles":["Cron Expression Parser","getNextRunTime"],"fullName":"Cron Expression Parser getNextRunTime should find next run time for every minute","status":"passed","title":"should find next run time for every minute","duration":1.3654450000000224,"failureMessages":[],"meta":{},"tags":[]},{"ancestorTitles":["Cron Expression Parser","getNextRunTime"],"fullName":"Cron Expression Parser getNextRunTime should find next run time for hourly","status":"passed","title":"should find next run time for hourly","duration":0.7259630000000925,"failureMessages":[],"meta":{},"tags":[]},{"ancestorTitles":["Cron Expression Parser","getNextRunTime"],"fullName":"Cron Expression Parser getNextRunTime should find next run time for daily","status":"passed","title":"should find next run time for daily","duration":0.5626419999999825,"failureMessages":[],"meta":{},"tags":[]},{"ancestorTitles":["Cron Expression Parser","getNextRunTime"],"fullName":"Cron Expression Parser getNextRunTime should find next run time for weekly","status":"passed","title":"should find next run time for weekly","duration":1.6076459999999315,"failureMessages":[],"meta":{},"tags":[]},{"ancestorTitles":["Cron Expression Parser","getNextRunTime"],"fullName":"Cron Expression Parser getNextRunTime should find next run time for monthly","status":"passed","title":"should find next run time for monthly","duration":6.85186699999997,"failureMessages":[],"meta":{},"tags":[]},{"ancestorTitles":["Cron Expression Parser","getNextRunTime"],"fullName":"Cron Expression Parser getNextRunTime should return null for invalid expression","status":"passed","title":"should return null for invalid expression","duration":0.18395999999995638,"failureMessages":[],"meta":{},"tags":[]},{"ancestorTitles":["Cron Scheduler","Job Management"],"fullName":"Cron Scheduler Job Management should add a job","status":"passed","title":"should add a job","duration":0.9026430000000119,"failureMessages":[],"meta":{},"tags":[]},{"ancestorTitles":["Cron Scheduler","Job Management"],"fullName":"Cron Scheduler Job Management should remove a job","status":"passed","title":"should remove a job","duration":0.3039609999999584,"failureMessages":[],"meta":{},"tags":[]},{"ancestorTitles":["Cron Scheduler","Job Management"],"fullName":"Cron Scheduler Job Management should get all jobs","status":"passed","title":"should get all jobs","duration":1.2043639999999414,"failureMessages":[],"meta":{},"tags":[]},{"ancestorTitles":["Cron Scheduler","Job Management"],"fullName":"Cron Scheduler Job Management should enable/disable job","status":"passed","title":"should enable/disable job","duration":0.31664100000000417,"failureMessages":[],"meta":{},"tags":[]},{"ancestorTitles":["Cron Scheduler","Job Management"],"fullName":"Cron Scheduler Job Management should run a job","status":"passed","title":"should run a job","duration":0.2956020000000308,"failureMessages":[],"meta":{},"tags":[]},{"ancestorTitles":["Cron Scheduler","Job Management"],"fullName":"Cron Scheduler Job Management should not run disabled job","status":"passed","title":"should not run disabled job","duration":0.1855600000000095,"failureMessages":[],"meta":{},"tags":[]},{"ancestorTitles":["Cron Scheduler","Job Management"],"fullName":"Cron Scheduler Job Management should not run non-existent job","status":"passed","title":"should not run non-existent job","duration":0.26836100000002716,"failureMessages":[],"meta":{},"tags":[]},{"ancestorTitles":["Cron Scheduler","Scheduler Tick"],"fullName":"Cron Scheduler Scheduler Tick should check jobs on tick","status":"passed","title":"should check jobs on tick","duration":1.0251230000000078,"failureMessages":[],"meta":{},"tags":[]},{"ancestorTitles":["Cron Validation"],"fullName":"Cron Validation should validate valid expressions","status":"passed","title":"should validate valid expressions","duration":0.7318420000000287,"failureMessages":[],"meta":{},"tags":[]},{"ancestorTitles":["Cron Validation"],"fullName":"Cron Validation should reject invalid expressions","status":"passed","title":"should reject invalid expressions","duration":0.3058019999999715,"failureMessages":[],"meta":{},"tags":[]}],"startTime":1775855498220,"endTime":1775855498244.306,"status":"passed","message":"","name":"/www/wwwroot/ai-work/tests/integration/cron-scheduler.test.ts"},{"assertionResults":[{"ancestorTitles":["Password Hashing Performance"],"fullName":"Password Hashing Performance hashPassword completes within acceptable time (<1s for 100k iterations)","status":"passed","title":"hashPassword completes within acceptable time (<1s for 100k iterations)","duration":243.60169500000006,"failureMessages":[],"meta":{},"tags":[]},{"ancestorTitles":["Token Generation Performance"],"fullName":"Token Generation Performance can generate many tokens quickly","status":"passed","title":"can generate many tokens quickly","duration":36.71382100000005,"failureMessages":[],"meta":{},"tags":[]},{"ancestorTitles":["Token Hashing Performance"],"fullName":"Token Hashing Performance hashToken is fast (SHA-256 single shot)","status":"passed","title":"hashToken is fast (SHA-256 single shot)","duration":18.302550999999994,"failureMessages":[],"meta":{},"tags":[]}],"startTime":1775855495637,"endTime":1775855495936.3025,"status":"passed","message":"","name":"/www/wwwroot/ai-work/tests/performance/auth.perf.test.ts"},{"assertionResults":[{"ancestorTitles":["Password Hashing - Security Properties"],"fullName":"Password Hashing - Security Properties hashPassword produces 128-char output","status":"passed","title":"hashPassword produces 128-char output","duration":257.91906900000004,"failureMessages":[],"meta":{},"tags":[]},{"ancestorTitles":["Password Hashing - Security Properties"],"fullName":"Password Hashing - Security Properties different salts produce different hashes","status":"passed","title":"different salts produce different hashes","duration":1.4354060000000572,"failureMessages":[],"meta":{},"tags":[]},{"ancestorTitles":["Password Hashing - Security Properties"],"fullName":"Password Hashing - Security Properties verifyPassword uses timingSafeEqual","status":"passed","title":"verifyPassword uses timingSafeEqual","duration":0.5815219999999499,"failureMessages":[],"meta":{},"tags":[]},{"ancestorTitles":["Password Hashing - Security Properties"],"fullName":"Password Hashing - Security Properties salt is 32 bytes (64 hex chars)","status":"passed","title":"salt is 32 bytes (64 hex chars)","duration":0.6862029999999777,"failureMessages":[],"meta":{},"tags":[]},{"ancestorTitles":["Token Security"],"fullName":"Token Security generateToken creates sufficiently long unique tokens","status":"passed","title":"generateToken creates sufficiently long unique tokens","duration":5.529700999999932,"failureMessages":[],"meta":{},"tags":[]},{"ancestorTitles":["Token Security"],"fullName":"Token Security hashToken uses SHA-256 producing 64-char hex","status":"passed","title":"hashToken uses SHA-256 producing 64-char hex","duration":0.6102819999999838,"failureMessages":[],"meta":{},"tags":[]},{"ancestorTitles":["Token Security"],"fullName":"Token Security SHA-256 is irreversible","status":"passed","title":"SHA-256 is irreversible","duration":0.3918419999999969,"failureMessages":[],"meta":{},"tags":[]},{"ancestorTitles":["Session Security"],"fullName":"Session Security session expiry check logic works","status":"passed","title":"session expiry check logic works","duration":0.24908099999993283,"failureMessages":[],"meta":{},"tags":[]},{"ancestorTitles":["Session Security"],"fullName":"Session Security only active users can authenticate","status":"passed","title":"only active users can authenticate","duration":1.145244000000048,"failureMessages":[],"meta":{},"tags":[]}],"startTime":1775855495180,"endTime":1775855495450.1453,"status":"passed","message":"","name":"/www/wwwroot/ai-work/tests/security/auth.security.test.ts"},{"assertionResults":[{"ancestorTitles":["RBAC Security - Code Review Based","requirePermission middleware"],"fullName":"RBAC Security - Code Review Based requirePermission middleware returns 401 when no auth present","status":"passed","title":"returns 401 when no auth present","duration":17.91426899999999,"failureMessages":[],"meta":{},"tags":[]},{"ancestorTitles":["RBAC Security - Code Review Based","requirePermission middleware"],"fullName":"RBAC Security - Code Review Based requirePermission middleware returns 403 when permission denied","status":"passed","title":"returns 403 when permission denied","duration":0.4569219999999632,"failureMessages":[],"meta":{},"tags":[]},{"ancestorTitles":["RBAC Security - Code Review Based","requireRole middleware"],"fullName":"RBAC Security - Code Review Based requireRole middleware blocks non-admin from admin-only role","status":"passed","title":"blocks non-admin from admin-only role","duration":0.36916199999996024,"failureMessages":[],"meta":{},"tags":[]},{"ancestorTitles":["RBAC Security - Code Review Based","Admin-Only Actions Protection"],"fullName":"RBAC Security - Code Review Based Admin-Only Actions Protection admin-only actions are protected","status":"passed","title":"admin-only actions are protected","duration":1.1886850000000777,"failureMessages":[],"meta":{},"tags":[]},{"ancestorTitles":["RBAC Security - Code Review Based","Admin-Only Actions Protection"],"fullName":"RBAC Security - Code Review Based Admin-Only Actions Protection admin bypasses role check but not permission check","status":"passed","title":"admin bypasses role check but not permission check","duration":0.27672100000006594,"failureMessages":[],"meta":{},"tags":[]},{"ancestorTitles":["RBAC Security - Code Review Based","Session Token Security"],"fullName":"RBAC Security - Code Review Based Session Token Security tokens are hashed before storage","status":"passed","title":"tokens are hashed before storage","duration":0.22884099999998853,"failureMessages":[],"meta":{},"tags":[]},{"ancestorTitles":["RBAC Security - Code Review Based","Session Token Security"],"fullName":"RBAC Security - Code Review Based Session Token Security session validation checks expiry","status":"passed","title":"session validation checks expiry","duration":0.3965620000000172,"failureMessages":[],"meta":{},"tags":[]},{"ancestorTitles":["RBAC Security - Code Review Based","Session Token Security"],"fullName":"RBAC Security - Code Review Based Session Token Security session validation checks user status","status":"passed","title":"session validation checks user status","duration":0.2254409999999325,"failureMessages":[],"meta":{},"tags":[]},{"ancestorTitles":["RBAC Security - Code Review Based","attachAuth - Token Resolution"],"fullName":"RBAC Security - Code Review Based attachAuth - Token Resolution supports multiple token sources in order","status":"passed","title":"supports multiple token sources in order","duration":0.36728099999993447,"failureMessages":[],"meta":{},"tags":[]},{"ancestorTitles":["RBAC Security - Code Review Based","Audit Logging"],"fullName":"RBAC Security - Code Review Based Audit Logging failed access attempts are logged","status":"passed","title":"failed access attempts are logged","duration":0.4386020000000599,"failureMessages":[],"meta":{},"tags":[]}],"startTime":1775855499298,"endTime":1775855499320.4387,"status":"passed","message":"","name":"/www/wwwroot/ai-work/tests/security/rbac.security.test.ts"},{"assertionResults":[{"ancestorTitles":["Auth Store - Unit Tests","Initial State"],"fullName":"Auth Store - Unit Tests Initial State has correct initial values","status":"passed","title":"has correct initial values","duration":4.63593800000001,"failureMessages":[],"meta":{},"tags":[]},{"ancestorTitles":["Auth Store - Unit Tests","Initial State"],"fullName":"Auth Store - Unit Tests Initial State getToken returns null when no token","status":"passed","title":"getToken returns null when no token","duration":0.9696440000000166,"failureMessages":[],"meta":{},"tags":[]},{"ancestorTitles":["Auth Store - Unit Tests","Login Flow (mocked)"],"fullName":"Auth Store - Unit Tests Login Flow (mocked) login sets token on success","status":"passed","title":"login sets token on success","duration":2.0986880000000383,"failureMessages":[],"meta":{},"tags":[]},{"ancestorTitles":["Auth Store - Unit Tests","Login Flow (mocked)"],"fullName":"Auth Store - Unit Tests Login Flow (mocked) login sets error on failure","status":"passed","title":"login sets error on failure","duration":0.7877230000000282,"failureMessages":[],"meta":{},"tags":[]},{"ancestorTitles":["Auth Store - Unit Tests","Login Flow (mocked)"],"fullName":"Auth Store - Unit Tests Login Flow (mocked) login sets loading during request","status":"passed","title":"login sets loading during request","duration":11.35348399999998,"failureMessages":[],"meta":{},"tags":[]},{"ancestorTitles":["Auth Store - Unit Tests","Login Flow (mocked)"],"fullName":"Auth Store - Unit Tests Login Flow (mocked) login handles network error","status":"passed","title":"login handles network error","duration":0.7274820000000091,"failureMessages":[],"meta":{},"tags":[]},{"ancestorTitles":["Auth Store - Unit Tests","Logout"],"fullName":"Auth Store - Unit Tests Logout logout calls API and clears token","status":"passed","title":"logout calls API and clears token","duration":0.8506830000000036,"failureMessages":[],"meta":{},"tags":[]},{"ancestorTitles":["Auth Store - Unit Tests","checkAuth"],"fullName":"Auth Store - Unit Tests checkAuth returns true for valid token","status":"passed","title":"returns true for valid token","duration":0.9399240000000191,"failureMessages":[],"meta":{},"tags":[]},{"ancestorTitles":["Auth Store - Unit Tests","checkAuth"],"fullName":"Auth Store - Unit Tests checkAuth returns false when token is null","status":"passed","title":"returns false when token is null","duration":0.5043220000000019,"failureMessages":[],"meta":{},"tags":[]},{"ancestorTitles":["Auth Store - Unit Tests","checkAuth"],"fullName":"Auth Store - Unit Tests checkAuth returns false and clears token on 401","status":"passed","title":"returns false and clears token on 401","duration":0.6634420000000318,"failureMessages":[],"meta":{},"tags":[]},{"ancestorTitles":["Auth Store - Unit Tests","Token Persistence via localStorage"],"fullName":"Auth Store - Unit Tests Token Persistence via localStorage reads token from localStorage on init","status":"passed","title":"reads token from localStorage on init","duration":5.155218999999988,"failureMessages":[],"meta":{},"tags":[]},{"ancestorTitles":["Auth Store - Unit Tests","Token Persistence via localStorage"],"fullName":"Auth Store - Unit Tests Token Persistence via localStorage token persists across store instances","status":"passed","title":"token persists across store instances","duration":0.6511629999999968,"failureMessages":[],"meta":{},"tags":[]}],"startTime":1775855498620,"endTime":1775855498649.6511,"status":"passed","message":"","name":"/www/wwwroot/ai-work/tests/unit/auth.test.ts"},{"assertionResults":[{"ancestorTitles":["BatchActionsBar"],"fullName":"BatchActionsBar renders correctly when no items selected","status":"failed","title":"renders correctly when no items selected","duration":17.852508000000398,"failureMessages":["SyntaxError: Need to install with `app.use` function\n    at createCompileError (file:///www/wwwroot/ai-work/node_modules/@intlify/message-compiler/dist/message-compiler.node.mjs:95:19)\n    at createI18nError (file:///www/wwwroot/ai-work/node_modules/vue-i18n/dist/vue-i18n.mjs:103:12)\n    at useI18n (file:///www/wwwroot/ai-work/node_modules/vue-i18n/dist/vue-i18n.mjs:2347:15)\n    at setup (/www/wwwroot/ai-work/src/components/common/BatchActionsBar.vue:81:23)\n    at callWithErrorHandling (/www/wwwroot/ai-work/node_modules/@vue/runtime-core/dist/runtime-core.cjs.js:200:19)\n    at setupStatefulComponent (/www/wwwroot/ai-work/node_modules/@vue/runtime-core/dist/runtime-core.cjs.js:7999:25)\n    at setupComponent (/www/wwwroot/ai-work/node_modules/@vue/runtime-core/dist/runtime-core.cjs.js:7961:36)\n    at mountComponent (/www/wwwroot/ai-work/node_modules/@vue/runtime-core/dist/runtime-core.cjs.js:5903:7)\n    at processComponent (/www/wwwroot/ai-work/node_modules/@vue/runtime-core/dist/runtime-core.cjs.js:5869:9)\n    at patch (/www/wwwroot/ai-work/node_modules/@vue/runtime-core/dist/runtime-core.cjs.js:5386:11)"],"meta":{},"tags":[]},{"ancestorTitles":["BatchActionsBar"],"fullName":"BatchActionsBar shows selected count when items are selected","status":"failed","title":"shows selected count when items are selected","duration":3.268493000000035,"failureMessages":["SyntaxError: Need to install with `app.use` function\n    at createCompileError (file:///www/wwwroot/ai-work/node_modules/@intlify/message-compiler/dist/message-compiler.node.mjs:95:19)\n    at createI18nError (file:///www/wwwroot/ai-work/node_modules/vue-i18n/dist/vue-i18n.mjs:103:12)\n    at useI18n (file:///www/wwwroot/ai-work/node_modules/vue-i18n/dist/vue-i18n.mjs:2347:15)\n    at setup (/www/wwwroot/ai-work/src/components/common/BatchActionsBar.vue:81:23)\n    at callWithErrorHandling (/www/wwwroot/ai-work/node_modules/@vue/runtime-core/dist/runtime-core.cjs.js:200:19)\n    at setupStatefulComponent (/www/wwwroot/ai-work/node_modules/@vue/runtime-core/dist/runtime-core.cjs.js:7999:25)\n    at setupComponent (/www/wwwroot/ai-work/node_modules/@vue/runtime-core/dist/runtime-core.cjs.js:7961:36)\n    at mountComponent (/www/wwwroot/ai-work/node_modules/@vue/runtime-core/dist/runtime-core.cjs.js:5903:7)\n    at processComponent (/www/wwwroot/ai-work/node_modules/@vue/runtime-core/dist/runtime-core.cjs.js:5869:9)\n    at patch (/www/wwwroot/ai-work/node_modules/@vue/runtime-core/dist/runtime-core.cjs.js:5386:11)"],"meta":{},"tags":[]},{"ancestorTitles":["BatchActionsBar"],"fullName":"BatchActionsBar emits batchAction event when enable clicked","status":"failed","title":"emits batchAction event when enable clicked","duration":1.8210070000000087,"failureMessages":["SyntaxError: Need to install with `app.use` function\n    at createCompileError (file:///www/wwwroot/ai-work/node_modules/@intlify/message-compiler/dist/message-compiler.node.mjs:95:19)\n    at createI18nError (file:///www/wwwroot/ai-work/node_modules/vue-i18n/dist/vue-i18n.mjs:103:12)\n    at useI18n (file:///www/wwwroot/ai-work/node_modules/vue-i18n/dist/vue-i18n.mjs:2347:15)\n    at setup (/www/wwwroot/ai-work/src/components/common/BatchActionsBar.vue:81:23)\n    at callWithErrorHandling (/www/wwwroot/ai-work/node_modules/@vue/runtime-core/dist/runtime-core.cjs.js:200:19)\n    at setupStatefulComponent (/www/wwwroot/ai-work/node_modules/@vue/runtime-core/dist/runtime-core.cjs.js:7999:25)\n    at setupComponent (/www/wwwroot/ai-work/node_modules/@vue/runtime-core/dist/runtime-core.cjs.js:7961:36)\n    at mountComponent (/www/wwwroot/ai-work/node_modules/@vue/runtime-core/dist/runtime-core.cjs.js:5903:7)\n    at processComponent (/www/wwwroot/ai-work/node_modules/@vue/runtime-core/dist/runtime-core.cjs.js:5869:9)\n    at patch (/www/wwwroot/ai-work/node_modules/@vue/runtime-core/dist/runtime-core.cjs.js:5386:11)"],"meta":{},"tags":[]},{"ancestorTitles":["BatchActionsBar"],"fullName":"BatchActionsBar emits batchAction event when disable clicked","status":"failed","title":"emits batchAction event when disable clicked","duration":2.3152490000002217,"failureMessages":["SyntaxError: Need to install with `app.use` function\n    at createCompileError (file:///www/wwwroot/ai-work/node_modules/@intlify/message-compiler/dist/message-compiler.node.mjs:95:19)\n    at createI18nError (file:///www/wwwroot/ai-work/node_modules/vue-i18n/dist/vue-i18n.mjs:103:12)\n    at useI18n (file:///www/wwwroot/ai-work/node_modules/vue-i18n/dist/vue-i18n.mjs:2347:15)\n    at setup (/www/wwwroot/ai-work/src/components/common/BatchActionsBar.vue:81:23)\n    at callWithErrorHandling (/www/wwwroot/ai-work/node_modules/@vue/runtime-core/dist/runtime-core.cjs.js:200:19)\n    at setupStatefulComponent (/www/wwwroot/ai-work/node_modules/@vue/runtime-core/dist/runtime-core.cjs.js:7999:25)\n    at setupComponent (/www/wwwroot/ai-work/node_modules/@vue/runtime-core/dist/runtime-core.cjs.js:7961:36)\n    at mountComponent (/www/wwwroot/ai-work/node_modules/@vue/runtime-core/dist/runtime-core.cjs.js:5903:7)\n    at processComponent (/www/wwwroot/ai-work/node_modules/@vue/runtime-core/dist/runtime-core.cjs.js:5869:9)\n    at patch (/www/wwwroot/ai-work/node_modules/@vue/runtime-core/dist/runtime-core.cjs.js:5386:11)"],"meta":{},"tags":[]},{"ancestorTitles":["BatchActionsBar"],"fullName":"BatchActionsBar confirms before delete","status":"failed","title":"confirms before delete","duration":1.6905260000003182,"failureMessages":["SyntaxError: Need to install with `app.use` function\n    at createCompileError (file:///www/wwwroot/ai-work/node_modules/@intlify/message-compiler/dist/message-compiler.node.mjs:95:19)\n    at createI18nError (file:///www/wwwroot/ai-work/node_modules/vue-i18n/dist/vue-i18n.mjs:103:12)\n    at useI18n (file:///www/wwwroot/ai-work/node_modules/vue-i18n/dist/vue-i18n.mjs:2347:15)\n    at setup (/www/wwwroot/ai-work/src/components/common/BatchActionsBar.vue:81:23)\n    at callWithErrorHandling (/www/wwwroot/ai-work/node_modules/@vue/runtime-core/dist/runtime-core.cjs.js:200:19)\n    at setupStatefulComponent (/www/wwwroot/ai-work/node_modules/@vue/runtime-core/dist/runtime-core.cjs.js:7999:25)\n    at setupComponent (/www/wwwroot/ai-work/node_modules/@vue/runtime-core/dist/runtime-core.cjs.js:7961:36)\n    at mountComponent (/www/wwwroot/ai-work/node_modules/@vue/runtime-core/dist/runtime-core.cjs.js:5903:7)\n    at processComponent (/www/wwwroot/ai-work/node_modules/@vue/runtime-core/dist/runtime-core.cjs.js:5869:9)\n    at patch (/www/wwwroot/ai-work/node_modules/@vue/runtime-core/dist/runtime-core.cjs.js:5386:11)"],"meta":{},"tags":[]},{"ancestorTitles":["BatchActionsBar"],"fullName":"BatchActionsBar toggles select all checkbox","status":"failed","title":"toggles select all checkbox","duration":3.4164529999998194,"failureMessages":["SyntaxError: Need to install with `app.use` function\n    at createCompileError (file:///www/wwwroot/ai-work/node_modules/@intlify/message-compiler/dist/message-compiler.node.mjs:95:19)\n    at createI18nError (file:///www/wwwroot/ai-work/node_modules/vue-i18n/dist/vue-i18n.mjs:103:12)\n    at useI18n (file:///www/wwwroot/ai-work/node_modules/vue-i18n/dist/vue-i18n.mjs:2347:15)\n    at setup (/www/wwwroot/ai-work/src/components/common/BatchActionsBar.vue:81:23)\n    at callWithErrorHandling (/www/wwwroot/ai-work/node_modules/@vue/runtime-core/dist/runtime-core.cjs.js:200:19)\n    at setupStatefulComponent (/www/wwwroot/ai-work/node_modules/@vue/runtime-core/dist/runtime-core.cjs.js:7999:25)\n    at setupComponent (/www/wwwroot/ai-work/node_modules/@vue/runtime-core/dist/runtime-core.cjs.js:7961:36)\n    at mountComponent (/www/wwwroot/ai-work/node_modules/@vue/runtime-core/dist/runtime-core.cjs.js:5903:7)\n    at processComponent (/www/wwwroot/ai-work/node_modules/@vue/runtime-core/dist/runtime-core.cjs.js:5869:9)\n    at patch (/www/wwwroot/ai-work/node_modules/@vue/runtime-core/dist/runtime-core.cjs.js:5386:11)"],"meta":{},"tags":[]},{"ancestorTitles":["BatchActionsBar"],"fullName":"BatchActionsBar shows indeterminate state when partial selection","status":"failed","title":"shows indeterminate state when partial selection","duration":2.862011000000166,"failureMessages":["SyntaxError: Need to install with `app.use` function\n    at createCompileError (file:///www/wwwroot/ai-work/node_modules/@intlify/message-compiler/dist/message-compiler.node.mjs:95:19)\n    at createI18nError (file:///www/wwwroot/ai-work/node_modules/vue-i18n/dist/vue-i18n.mjs:103:12)\n    at useI18n (file:///www/wwwroot/ai-work/node_modules/vue-i18n/dist/vue-i18n.mjs:2347:15)\n    at setup (/www/wwwroot/ai-work/src/components/common/BatchActionsBar.vue:81:23)\n    at callWithErrorHandling (/www/wwwroot/ai-work/node_modules/@vue/runtime-core/dist/runtime-core.cjs.js:200:19)\n    at setupStatefulComponent (/www/wwwroot/ai-work/node_modules/@vue/runtime-core/dist/runtime-core.cjs.js:7999:25)\n    at setupComponent (/www/wwwroot/ai-work/node_modules/@vue/runtime-core/dist/runtime-core.cjs.js:7961:36)\n    at mountComponent (/www/wwwroot/ai-work/node_modules/@vue/runtime-core/dist/runtime-core.cjs.js:5903:7)\n    at processComponent (/www/wwwroot/ai-work/node_modules/@vue/runtime-core/dist/runtime-core.cjs.js:5869:9)\n    at patch (/www/wwwroot/ai-work/node_modules/@vue/runtime-core/dist/runtime-core.cjs.js:5386:11)"],"meta":{},"tags":[]}],"startTime":1775855490306,"endTime":1775855490339.862,"status":"failed","message":"","name":"/www/wwwroot/ai-work/tests/unit/batch-actions.test.ts"},{"assertionResults":[{"ancestorTitles":["Frontend Code Quality","TypeScript Compilation"],"fullName":"Frontend Code Quality TypeScript Compilation should compile without errors","status":"failed","title":"should compile without errors","duration":21389.304605,"failureMessages":["Error: TypeScript compilation failed:\nsrc/components/business/BatchOperationBar.vue(127,11): error TS2339: Property 'dialog' does not exist on type 'DialogApiInjection'.\nsrc/components/business/SmartSearchBar.vue(136,109): error TS2724: '\"naive-ui\"' has no exported member named 'NDateRangePicker'. Did you mean 'NDatePicker'?\nsrc/components/business/SmartSearchBar.vue(137,26): error TS2305: Module '\"@vicons/ionicons5\"' has no exported member 'Clock'.\nsrc/components/business/SmartSearchBar.vue(196,51): error TS7053: Element implicitly has an 'any' type because expression of type 'string' can't be used to index type '{ high: string; medium: string; low: string; }'.\n  No index signature with a parameter of type 'string' was found on type '{ high: string; medium: string; low: string; }'.\nsrc/components/charts/DataCard.vue(20,29): error TS2305: Module '\"@vicons/ionicons5\"' has no exported member 'Min'.\nsrc/components/charts/PieChart.vue(53,3): error TS2322: Type '{ percent: string | number; name: string; value: number; }[]' is not assignable to type '{ name: string; value: number; percent: number; }[] | { name: string; value: number; percent: number; }[]'.\n  Type '{ percent: string | number; name: string; value: number; }[]' is not assignable to type '{ name: string; value: number; percent: number; }[]'.\n    Type '{ percent: string | number; name: string; value: number; }' is not assignable to type '{ name: string; value: number; percent: number; }'.\n      Types of property 'percent' are incompatible.\n        Type 'string | number' is not assignable to type 'number'.\n          Type 'string' is not assignable to type 'number'.\n\n    at /www/wwwroot/ai-work/tests/unit/code-quality.test.ts:15:17\n    at file:///www/wwwroot/ai-work/node_modules/@vitest/runner/dist/chunk-artifact.js:302:11\n    at file:///www/wwwroot/ai-work/node_modules/@vitest/runner/dist/chunk-artifact.js:1903:26\n    at file:///www/wwwroot/ai-work/node_modules/@vitest/runner/dist/chunk-artifact.js:2326:20\n    at new Promise (<anonymous>)\n    at runWithCancel (file:///www/wwwroot/ai-work/node_modules/@vitest/runner/dist/chunk-artifact.js:2323:10)\n    at file:///www/wwwroot/ai-work/node_modules/@vitest/runner/dist/chunk-artifact.js:2305:20\n    at new Promise (<anonymous>)\n    at runWithTimeout (file:///www/wwwroot/ai-work/node_modules/@vitest/runner/dist/chunk-artifact.js:2272:10)\n    at file:///www/wwwroot/ai-work/node_modules/@vitest/runner/dist/chunk-artifact.js:2955:64"],"meta":{},"tags":[]},{"ancestorTitles":["Frontend Code Quality","ESLint"],"fullName":"Frontend Code Quality ESLint should pass linting rules","status":"passed","title":"should pass linting rules","duration":2077.4501689999997,"failureMessages":[],"meta":{},"tags":[]},{"ancestorTitles":["Frontend Code Quality","Component Files"],"fullName":"Frontend Code Quality Component Files should exist: src/components/cron/CronEditor.vue","status":"passed","title":"should exist: src/components/cron/CronEditor.vue","duration":8.972273999999743,"failureMessages":[],"meta":{},"tags":[]},{"ancestorTitles":["Frontend Code Quality","Component Files"],"fullName":"Frontend Code Quality Component Files should exist: src/components/common/BatchActionsBar.vue","status":"passed","title":"should exist: src/components/common/BatchActionsBar.vue","duration":3.439452999999048,"failureMessages":[],"meta":{},"tags":[]},{"ancestorTitles":["Frontend Code Quality","Component Files"],"fullName":"Frontend Code Quality Component Files should exist: src/components/common/SmartSearchFilter.vue","status":"passed","title":"should exist: src/components/common/SmartSearchFilter.vue","duration":3.734295000002021,"failureMessages":[],"meta":{},"tags":[]},{"ancestorTitles":["Frontend Code Quality","Component Files"],"fullName":"Frontend Code Quality Component Files should exist: src/components/common/ThemeSwitcher.vue","status":"passed","title":"should exist: src/components/common/ThemeSwitcher.vue","duration":3.4506929999988643,"failureMessages":[],"meta":{},"tags":[]},{"ancestorTitles":["Frontend Code Quality","Component Files"],"fullName":"Frontend Code Quality Component Files should exist: src/components/charts/BaseChart.vue","status":"passed","title":"should exist: src/components/charts/BaseChart.vue","duration":3.3467730000011215,"failureMessages":[],"meta":{},"tags":[]},{"ancestorTitles":["Frontend Code Quality","Component Files"],"fullName":"Frontend Code Quality Component Files should exist: src/components/charts/DashboardCard.vue","status":"passed","title":"should exist: src/components/charts/DashboardCard.vue","duration":3.518734000001132,"failureMessages":[],"meta":{},"tags":[]},{"ancestorTitles":["Frontend Code Quality","Component Files"],"fullName":"Frontend Code Quality Component Files should exist: src/components/charts/StatCard.vue","status":"passed","title":"should exist: src/components/charts/StatCard.vue","duration":3.660334000000148,"failureMessages":[],"meta":{},"tags":[]},{"ancestorTitles":["Frontend Code Quality","Component Files"],"fullName":"Frontend Code Quality Component Files should exist: src/components/charts/ProgressChart.vue","status":"passed","title":"should exist: src/components/charts/ProgressChart.vue","duration":3.4330929999996442,"failureMessages":[],"meta":{},"tags":[]},{"ancestorTitles":["Frontend Code Quality","Test Files"],"fullName":"Frontend Code Quality Test Files should exist: tests/unit/cron-editor.test.ts","status":"passed","title":"should exist: tests/unit/cron-editor.test.ts","duration":3.728773999999248,"failureMessages":[],"meta":{},"tags":[]},{"ancestorTitles":["Frontend Code Quality","Test Files"],"fullName":"Frontend Code Quality Test Files should exist: tests/unit/batch-actions.test.ts","status":"passed","title":"should exist: tests/unit/batch-actions.test.ts","duration":3.335173000003124,"failureMessages":[],"meta":{},"tags":[]},{"ancestorTitles":["Frontend Code Quality","Test Files"],"fullName":"Frontend Code Quality Test Files should exist: tests/unit/smart-search.test.ts","status":"passed","title":"should exist: tests/unit/smart-search.test.ts","duration":3.661334000000352,"failureMessages":[],"meta":{},"tags":[]},{"ancestorTitles":["Frontend Code Quality","Test Files"],"fullName":"Frontend Code Quality Test Files should exist: tests/unit/theme-switcher.test.ts","status":"passed","title":"should exist: tests/unit/theme-switcher.test.ts","duration":3.2469330000021728,"failureMessages":[],"meta":{},"tags":[]},{"ancestorTitles":["Frontend Code Quality","Test Files"],"fullName":"Frontend Code Quality Test Files should exist: tests/unit/dashboard-card.test.ts","status":"passed","title":"should exist: tests/unit/dashboard-card.test.ts","duration":3.2211720000013884,"failureMessages":[],"meta":{},"tags":[]},{"ancestorTitles":["Frontend Code Quality","Test Files"],"fullName":"Frontend Code Quality Test Files should exist: tests/unit/stat-card.test.ts","status":"passed","title":"should exist: tests/unit/stat-card.test.ts","duration":3.276572999999189,"failureMessages":[],"meta":{},"tags":[]},{"ancestorTitles":["Frontend Build"],"fullName":"Frontend Build should build successfully","status":"passed","title":"should build successfully","duration":1.0301240000007965,"failureMessages":[],"meta":{},"tags":[]}],"startTime":1775855487750,"endTime":1775855511276.03,"status":"failed","message":"","name":"/www/wwwroot/ai-work/tests/unit/code-quality.test.ts"},{"assertionResults":[{"ancestorTitles":["CronEditor Component","Initial State"],"fullName":"CronEditor Component Initial State should have correct initial form state","status":"failed","title":"should have correct initial form state","duration":21.743762999999944,"failureMessages":["SyntaxError: Need to install with `app.use` function\n    at createCompileError (file:///www/wwwroot/ai-work/node_modules/@intlify/message-compiler/dist/message-compiler.node.mjs:95:19)\n    at createI18nError (file:///www/wwwroot/ai-work/node_modules/vue-i18n/dist/vue-i18n.mjs:103:12)\n    at useI18n (file:///www/wwwroot/ai-work/node_modules/vue-i18n/dist/vue-i18n.mjs:2347:15)\n    at setup (/www/wwwroot/ai-work/src/components/cron/CronEditor.vue:165:23)\n    at callWithErrorHandling (/www/wwwroot/ai-work/node_modules/@vue/runtime-core/dist/runtime-core.cjs.js:200:19)\n    at setupStatefulComponent (/www/wwwroot/ai-work/node_modules/@vue/runtime-core/dist/runtime-core.cjs.js:7999:25)\n    at setupComponent (/www/wwwroot/ai-work/node_modules/@vue/runtime-core/dist/runtime-core.cjs.js:7961:36)\n    at mountComponent (/www/wwwroot/ai-work/node_modules/@vue/runtime-core/dist/runtime-core.cjs.js:5903:7)\n    at processComponent (/www/wwwroot/ai-work/node_modules/@vue/runtime-core/dist/runtime-core.cjs.js:5869:9)\n    at patch (/www/wwwroot/ai-work/node_modules/@vue/runtime-core/dist/runtime-core.cjs.js:5386:11)"],"meta":{},"tags":[]},{"ancestorTitles":["CronEditor Component","Quick Presets"],"fullName":"CronEditor Component Quick Presets should have correct preset templates","status":"failed","title":"should have correct preset templates","duration":2.5318099999999504,"failureMessages":["SyntaxError: Need to install with `app.use` function\n    at createCompileError (file:///www/wwwroot/ai-work/node_modules/@intlify/message-compiler/dist/message-compiler.node.mjs:95:19)\n    at createI18nError (file:///www/wwwroot/ai-work/node_modules/vue-i18n/dist/vue-i18n.mjs:103:12)\n    at useI18n (file:///www/wwwroot/ai-work/node_modules/vue-i18n/dist/vue-i18n.mjs:2347:15)\n    at setup (/www/wwwroot/ai-work/src/components/cron/CronEditor.vue:165:23)\n    at callWithErrorHandling (/www/wwwroot/ai-work/node_modules/@vue/runtime-core/dist/runtime-core.cjs.js:200:19)\n    at setupStatefulComponent (/www/wwwroot/ai-work/node_modules/@vue/runtime-core/dist/runtime-core.cjs.js:7999:25)\n    at setupComponent (/www/wwwroot/ai-work/node_modules/@vue/runtime-core/dist/runtime-core.cjs.js:7961:36)\n    at mountComponent (/www/wwwroot/ai-work/node_modules/@vue/runtime-core/dist/runtime-core.cjs.js:5903:7)\n    at processComponent (/www/wwwroot/ai-work/node_modules/@vue/runtime-core/dist/runtime-core.cjs.js:5869:9)\n    at patch (/www/wwwroot/ai-work/node_modules/@vue/runtime-core/dist/runtime-core.cjs.js:5386:11)"],"meta":{},"tags":[]},{"ancestorTitles":["CronEditor Component","Quick Presets"],"fullName":"CronEditor Component Quick Presets should apply preset when clicked","status":"failed","title":"should apply preset when clicked","duration":4.045056000000159,"failureMessages":["SyntaxError: Need to install with `app.use` function\n    at createCompileError (file:///www/wwwroot/ai-work/node_modules/@intlify/message-compiler/dist/message-compiler.node.mjs:95:19)\n    at createI18nError (file:///www/wwwroot/ai-work/node_modules/vue-i18n/dist/vue-i18n.mjs:103:12)\n    at useI18n (file:///www/wwwroot/ai-work/node_modules/vue-i18n/dist/vue-i18n.mjs:2347:15)\n    at setup (/www/wwwroot/ai-work/src/components/cron/CronEditor.vue:165:23)\n    at callWithErrorHandling (/www/wwwroot/ai-work/node_modules/@vue/runtime-core/dist/runtime-core.cjs.js:200:19)\n    at setupStatefulComponent (/www/wwwroot/ai-work/node_modules/@vue/runtime-core/dist/runtime-core.cjs.js:7999:25)\n    at setupComponent (/www/wwwroot/ai-work/node_modules/@vue/runtime-core/dist/runtime-core.cjs.js:7961:36)\n    at mountComponent (/www/wwwroot/ai-work/node_modules/@vue/runtime-core/dist/runtime-core.cjs.js:5903:7)\n    at processComponent (/www/wwwroot/ai-work/node_modules/@vue/runtime-core/dist/runtime-core.cjs.js:5869:9)\n    at patch (/www/wwwroot/ai-work/node_modules/@vue/runtime-core/dist/runtime-core.cjs.js:5386:11)"],"meta":{},"tags":[]},{"ancestorTitles":["CronEditor Component","Cron Expression Building"],"fullName":"CronEditor Component Cron Expression Building should toggle cron field values correctly","status":"failed","title":"should toggle cron field values correctly","duration":1.910287000000153,"failureMessages":["SyntaxError: Need to install with `app.use` function\n    at createCompileError (file:///www/wwwroot/ai-work/node_modules/@intlify/message-compiler/dist/message-compiler.node.mjs:95:19)\n    at createI18nError (file:///www/wwwroot/ai-work/node_modules/vue-i18n/dist/vue-i18n.mjs:103:12)\n    at useI18n (file:///www/wwwroot/ai-work/node_modules/vue-i18n/dist/vue-i18n.mjs:2347:15)\n    at setup (/www/wwwroot/ai-work/src/components/cron/CronEditor.vue:165:23)\n    at callWithErrorHandling (/www/wwwroot/ai-work/node_modules/@vue/runtime-core/dist/runtime-core.cjs.js:200:19)\n    at setupStatefulComponent (/www/wwwroot/ai-work/node_modules/@vue/runtime-core/dist/runtime-core.cjs.js:7999:25)\n    at setupComponent (/www/wwwroot/ai-work/node_modules/@vue/runtime-core/dist/runtime-core.cjs.js:7961:36)\n    at mountComponent (/www/wwwroot/ai-work/node_modules/@vue/runtime-core/dist/runtime-core.cjs.js:5903:7)\n    at processComponent (/www/wwwroot/ai-work/node_modules/@vue/runtime-core/dist/runtime-core.cjs.js:5869:9)\n    at patch (/www/wwwroot/ai-work/node_modules/@vue/runtime-core/dist/runtime-core.cjs.js:5386:11)"],"meta":{},"tags":[]},{"ancestorTitles":["CronEditor Component","Cron Expression Building"],"fullName":"CronEditor Component Cron Expression Building should check if value is selected correctly","status":"failed","title":"should check if value is selected correctly","duration":1.9772880000000441,"failureMessages":["SyntaxError: Need to install with `app.use` function\n    at createCompileError (file:///www/wwwroot/ai-work/node_modules/@intlify/message-compiler/dist/message-compiler.node.mjs:95:19)\n    at createI18nError (file:///www/wwwroot/ai-work/node_modules/vue-i18n/dist/vue-i18n.mjs:103:12)\n    at useI18n (file:///www/wwwroot/ai-work/node_modules/vue-i18n/dist/vue-i18n.mjs:2347:15)\n    at setup (/www/wwwroot/ai-work/src/components/cron/CronEditor.vue:165:23)\n    at callWithErrorHandling (/www/wwwroot/ai-work/node_modules/@vue/runtime-core/dist/runtime-core.cjs.js:200:19)\n    at setupStatefulComponent (/www/wwwroot/ai-work/node_modules/@vue/runtime-core/dist/runtime-core.cjs.js:7999:25)\n    at setupComponent (/www/wwwroot/ai-work/node_modules/@vue/runtime-core/dist/runtime-core.cjs.js:7961:36)\n    at mountComponent (/www/wwwroot/ai-work/node_modules/@vue/runtime-core/dist/runtime-core.cjs.js:5903:7)\n    at processComponent (/www/wwwroot/ai-work/node_modules/@vue/runtime-core/dist/runtime-core.cjs.js:5869:9)\n    at patch (/www/wwwroot/ai-work/node_modules/@vue/runtime-core/dist/runtime-core.cjs.js:5386:11)"],"meta":{},"tags":[]},{"ancestorTitles":["CronEditor Component","Cron Preview"],"fullName":"CronEditor Component Cron Preview should show correct preview for common cron expressions","status":"failed","title":"should show correct preview for common cron expressions","duration":1.7653669999999693,"failureMessages":["SyntaxError: Need to install with `app.use` function\n    at createCompileError (file:///www/wwwroot/ai-work/node_modules/@intlify/message-compiler/dist/message-compiler.node.mjs:95:19)\n    at createI18nError (file:///www/wwwroot/ai-work/node_modules/vue-i18n/dist/vue-i18n.mjs:103:12)\n    at useI18n (file:///www/wwwroot/ai-work/node_modules/vue-i18n/dist/vue-i18n.mjs:2347:15)\n    at setup (/www/wwwroot/ai-work/src/components/cron/CronEditor.vue:165:23)\n    at callWithErrorHandling (/www/wwwroot/ai-work/node_modules/@vue/runtime-core/dist/runtime-core.cjs.js:200:19)\n    at setupStatefulComponent (/www/wwwroot/ai-work/node_modules/@vue/runtime-core/dist/runtime-core.cjs.js:7999:25)\n    at setupComponent (/www/wwwroot/ai-work/node_modules/@vue/runtime-core/dist/runtime-core.cjs.js:7961:36)\n    at mountComponent (/www/wwwroot/ai-work/node_modules/@vue/runtime-core/dist/runtime-core.cjs.js:5903:7)\n    at processComponent (/www/wwwroot/ai-work/node_modules/@vue/runtime-core/dist/runtime-core.cjs.js:5869:9)\n    at patch (/www/wwwroot/ai-work/node_modules/@vue/runtime-core/dist/runtime-core.cjs.js:5386:11)"],"meta":{},"tags":[]},{"ancestorTitles":["CronEditor Component","Schedule Type Switching"],"fullName":"CronEditor Component Schedule Type Switching should switch between schedule types","status":"failed","title":"should switch between schedule types","duration":1.5770860000000084,"failureMessages":["SyntaxError: Need to install with `app.use` function\n    at createCompileError (file:///www/wwwroot/ai-work/node_modules/@intlify/message-compiler/dist/message-compiler.node.mjs:95:19)\n    at createI18nError (file:///www/wwwroot/ai-work/node_modules/vue-i18n/dist/vue-i18n.mjs:103:12)\n    at useI18n (file:///www/wwwroot/ai-work/node_modules/vue-i18n/dist/vue-i18n.mjs:2347:15)\n    at setup (/www/wwwroot/ai-work/src/components/cron/CronEditor.vue:165:23)\n    at callWithErrorHandling (/www/wwwroot/ai-work/node_modules/@vue/runtime-core/dist/runtime-core.cjs.js:200:19)\n    at setupStatefulComponent (/www/wwwroot/ai-work/node_modules/@vue/runtime-core/dist/runtime-core.cjs.js:7999:25)\n    at setupComponent (/www/wwwroot/ai-work/node_modules/@vue/runtime-core/dist/runtime-core.cjs.js:7961:36)\n    at mountComponent (/www/wwwroot/ai-work/node_modules/@vue/runtime-core/dist/runtime-core.cjs.js:5903:7)\n    at processComponent (/www/wwwroot/ai-work/node_modules/@vue/runtime-core/dist/runtime-core.cjs.js:5869:9)\n    at patch (/www/wwwroot/ai-work/node_modules/@vue/runtime-core/dist/runtime-core.cjs.js:5386:11)"],"meta":{},"tags":[]},{"ancestorTitles":["CronEditor Component","Every Type Configuration"],"fullName":"CronEditor Component Every Type Configuration should configure every interval correctly","status":"failed","title":"should configure every interval correctly","duration":3.338653000000022,"failureMessages":["SyntaxError: Need to install with `app.use` function\n    at createCompileError (file:///www/wwwroot/ai-work/node_modules/@intlify/message-compiler/dist/message-compiler.node.mjs:95:19)\n    at createI18nError (file:///www/wwwroot/ai-work/node_modules/vue-i18n/dist/vue-i18n.mjs:103:12)\n    at useI18n (file:///www/wwwroot/ai-work/node_modules/vue-i18n/dist/vue-i18n.mjs:2347:15)\n    at setup (/www/wwwroot/ai-work/src/components/cron/CronEditor.vue:165:23)\n    at callWithErrorHandling (/www/wwwroot/ai-work/node_modules/@vue/runtime-core/dist/runtime-core.cjs.js:200:19)\n    at setupStatefulComponent (/www/wwwroot/ai-work/node_modules/@vue/runtime-core/dist/runtime-core.cjs.js:7999:25)\n    at setupComponent (/www/wwwroot/ai-work/node_modules/@vue/runtime-core/dist/runtime-core.cjs.js:7961:36)\n    at mountComponent (/www/wwwroot/ai-work/node_modules/@vue/runtime-core/dist/runtime-core.cjs.js:5903:7)\n    at processComponent (/www/wwwroot/ai-work/node_modules/@vue/runtime-core/dist/runtime-core.cjs.js:5869:9)\n    at patch (/www/wwwroot/ai-work/node_modules/@vue/runtime-core/dist/runtime-core.cjs.js:5386:11)"],"meta":{},"tags":[]},{"ancestorTitles":["CronEditor Component","Every Type Configuration"],"fullName":"CronEditor Component Every Type Configuration should have correct unit options","status":"failed","title":"should have correct unit options","duration":1.7979669999999714,"failureMessages":["SyntaxError: Need to install with `app.use` function\n    at createCompileError (file:///www/wwwroot/ai-work/node_modules/@intlify/message-compiler/dist/message-compiler.node.mjs:95:19)\n    at createI18nError (file:///www/wwwroot/ai-work/node_modules/vue-i18n/dist/vue-i18n.mjs:103:12)\n    at useI18n (file:///www/wwwroot/ai-work/node_modules/vue-i18n/dist/vue-i18n.mjs:2347:15)\n    at setup (/www/wwwroot/ai-work/src/components/cron/CronEditor.vue:165:23)\n    at callWithErrorHandling (/www/wwwroot/ai-work/node_modules/@vue/runtime-core/dist/runtime-core.cjs.js:200:19)\n    at setupStatefulComponent (/www/wwwroot/ai-work/node_modules/@vue/runtime-core/dist/runtime-core.cjs.js:7999:25)\n    at setupComponent (/www/wwwroot/ai-work/node_modules/@vue/runtime-core/dist/runtime-core.cjs.js:7961:36)\n    at mountComponent (/www/wwwroot/ai-work/node_modules/@vue/runtime-core/dist/runtime-core.cjs.js:5903:7)\n    at processComponent (/www/wwwroot/ai-work/node_modules/@vue/runtime-core/dist/runtime-core.cjs.js:5869:9)\n    at patch (/www/wwwroot/ai-work/node_modules/@vue/runtime-core/dist/runtime-core.cjs.js:5386:11)"],"meta":{},"tags":[]},{"ancestorTitles":["CronEditor Component","getScheduleData"],"fullName":"CronEditor Component getScheduleData should return correct data for cron type","status":"failed","title":"should return correct data for cron type","duration":1.5856470000001082,"failureMessages":["SyntaxError: Need to install with `app.use` function\n    at createCompileError (file:///www/wwwroot/ai-work/node_modules/@intlify/message-compiler/dist/message-compiler.node.mjs:95:19)\n    at createI18nError (file:///www/wwwroot/ai-work/node_modules/vue-i18n/dist/vue-i18n.mjs:103:12)\n    at useI18n (file:///www/wwwroot/ai-work/node_modules/vue-i18n/dist/vue-i18n.mjs:2347:15)\n    at setup (/www/wwwroot/ai-work/src/components/cron/CronEditor.vue:165:23)\n    at callWithErrorHandling (/www/wwwroot/ai-work/node_modules/@vue/runtime-core/dist/runtime-core.cjs.js:200:19)\n    at setupStatefulComponent (/www/wwwroot/ai-work/node_modules/@vue/runtime-core/dist/runtime-core.cjs.js:7999:25)\n    at setupComponent (/www/wwwroot/ai-work/node_modules/@vue/runtime-core/dist/runtime-core.cjs.js:7961:36)\n    at mountComponent (/www/wwwroot/ai-work/node_modules/@vue/runtime-core/dist/runtime-core.cjs.js:5903:7)\n    at processComponent (/www/wwwroot/ai-work/node_modules/@vue/runtime-core/dist/runtime-core.cjs.js:5869:9)\n    at patch (/www/wwwroot/ai-work/node_modules/@vue/runtime-core/dist/runtime-core.cjs.js:5386:11)"],"meta":{},"tags":[]},{"ancestorTitles":["CronEditor Component","getScheduleData"],"fullName":"CronEditor Component getScheduleData should return correct data for every type","status":"failed","title":"should return correct data for every type","duration":1.2873250000000098,"failureMessages":["SyntaxError: Need to install with `app.use` function\n    at createCompileError (file:///www/wwwroot/ai-work/node_modules/@intlify/message-compiler/dist/message-compiler.node.mjs:95:19)\n    at createI18nError (file:///www/wwwroot/ai-work/node_modules/vue-i18n/dist/vue-i18n.mjs:103:12)\n    at useI18n (file:///www/wwwroot/ai-work/node_modules/vue-i18n/dist/vue-i18n.mjs:2347:15)\n    at setup (/www/wwwroot/ai-work/src/components/cron/CronEditor.vue:165:23)\n    at callWithErrorHandling (/www/wwwroot/ai-work/node_modules/@vue/runtime-core/dist/runtime-core.cjs.js:200:19)\n    at setupStatefulComponent (/www/wwwroot/ai-work/node_modules/@vue/runtime-core/dist/runtime-core.cjs.js:7999:25)\n    at setupComponent (/www/wwwroot/ai-work/node_modules/@vue/runtime-core/dist/runtime-core.cjs.js:7961:36)\n    at mountComponent (/www/wwwroot/ai-work/node_modules/@vue/runtime-core/dist/runtime-core.cjs.js:5903:7)\n    at processComponent (/www/wwwroot/ai-work/node_modules/@vue/runtime-core/dist/runtime-core.cjs.js:5869:9)\n    at patch (/www/wwwroot/ai-work/node_modules/@vue/runtime-core/dist/runtime-core.cjs.js:5386:11)"],"meta":{},"tags":[]},{"ancestorTitles":["CronEditor Component","getScheduleData"],"fullName":"CronEditor Component getScheduleData should return correct data for at type","status":"failed","title":"should return correct data for at type","duration":1.361364999999978,"failureMessages":["SyntaxError: Need to install with `app.use` function\n    at createCompileError (file:///www/wwwroot/ai-work/node_modules/@intlify/message-compiler/dist/message-compiler.node.mjs:95:19)\n    at createI18nError (file:///www/wwwroot/ai-work/node_modules/vue-i18n/dist/vue-i18n.mjs:103:12)\n    at useI18n (file:///www/wwwroot/ai-work/node_modules/vue-i18n/dist/vue-i18n.mjs:2347:15)\n    at setup (/www/wwwroot/ai-work/src/components/cron/CronEditor.vue:165:23)\n    at callWithErrorHandling (/www/wwwroot/ai-work/node_modules/@vue/runtime-core/dist/runtime-core.cjs.js:200:19)\n    at setupStatefulComponent (/www/wwwroot/ai-work/node_modules/@vue/runtime-core/dist/runtime-core.cjs.js:7999:25)\n    at setupComponent (/www/wwwroot/ai-work/node_modules/@vue/runtime-core/dist/runtime-core.cjs.js:7961:36)\n    at mountComponent (/www/wwwroot/ai-work/node_modules/@vue/runtime-core/dist/runtime-core.cjs.js:5903:7)\n    at processComponent (/www/wwwroot/ai-work/node_modules/@vue/runtime-core/dist/runtime-core.cjs.js:5869:9)\n    at patch (/www/wwwroot/ai-work/node_modules/@vue/runtime-core/dist/runtime-core.cjs.js:5386:11)"],"meta":{},"tags":[]},{"ancestorTitles":["CronEditor Component","resetForm"],"fullName":"CronEditor Component resetForm should reset form to initial state","status":"failed","title":"should reset form to initial state","duration":1.3782450000001063,"failureMessages":["SyntaxError: Need to install with `app.use` function\n    at createCompileError (file:///www/wwwroot/ai-work/node_modules/@intlify/message-compiler/dist/message-compiler.node.mjs:95:19)\n    at createI18nError (file:///www/wwwroot/ai-work/node_modules/vue-i18n/dist/vue-i18n.mjs:103:12)\n    at useI18n (file:///www/wwwroot/ai-work/node_modules/vue-i18n/dist/vue-i18n.mjs:2347:15)\n    at setup (/www/wwwroot/ai-work/src/components/cron/CronEditor.vue:165:23)\n    at callWithErrorHandling (/www/wwwroot/ai-work/node_modules/@vue/runtime-core/dist/runtime-core.cjs.js:200:19)\n    at setupStatefulComponent (/www/wwwroot/ai-work/node_modules/@vue/runtime-core/dist/runtime-core.cjs.js:7999:25)\n    at setupComponent (/www/wwwroot/ai-work/node_modules/@vue/runtime-core/dist/runtime-core.cjs.js:7961:36)\n    at mountComponent (/www/wwwroot/ai-work/node_modules/@vue/runtime-core/dist/runtime-core.cjs.js:5903:7)\n    at processComponent (/www/wwwroot/ai-work/node_modules/@vue/runtime-core/dist/runtime-core.cjs.js:5869:9)\n    at patch (/www/wwwroot/ai-work/node_modules/@vue/runtime-core/dist/runtime-core.cjs.js:5386:11)"],"meta":{},"tags":[]},{"ancestorTitles":["CronEditor Component","Cron Fields"],"fullName":"CronEditor Component Cron Fields should have correct cron field definitions","status":"failed","title":"should have correct cron field definitions","duration":1.2126040000000557,"failureMessages":["SyntaxError: Need to install with `app.use` function\n    at createCompileError (file:///www/wwwroot/ai-work/node_modules/@intlify/message-compiler/dist/message-compiler.node.mjs:95:19)\n    at createI18nError (file:///www/wwwroot/ai-work/node_modules/vue-i18n/dist/vue-i18n.mjs:103:12)\n    at useI18n (file:///www/wwwroot/ai-work/node_modules/vue-i18n/dist/vue-i18n.mjs:2347:15)\n    at setup (/www/wwwroot/ai-work/src/components/cron/CronEditor.vue:165:23)\n    at callWithErrorHandling (/www/wwwroot/ai-work/node_modules/@vue/runtime-core/dist/runtime-core.cjs.js:200:19)\n    at setupStatefulComponent (/www/wwwroot/ai-work/node_modules/@vue/runtime-core/dist/runtime-core.cjs.js:7999:25)\n    at setupComponent (/www/wwwroot/ai-work/node_modules/@vue/runtime-core/dist/runtime-core.cjs.js:7961:36)\n    at mountComponent (/www/wwwroot/ai-work/node_modules/@vue/runtime-core/dist/runtime-core.cjs.js:5903:7)\n    at processComponent (/www/wwwroot/ai-work/node_modules/@vue/runtime-core/dist/runtime-core.cjs.js:5869:9)\n    at patch (/www/wwwroot/ai-work/node_modules/@vue/runtime-core/dist/runtime-core.cjs.js:5386:11)"],"meta":{},"tags":[]}],"startTime":1775855492406,"endTime":1775855492458.2126,"status":"failed","message":"","name":"/www/wwwroot/ai-work/tests/unit/cron-editor.test.ts"},{"assertionResults":[{"ancestorTitles":["Cron Store","Initial State"],"fullName":"Cron Store Initial State should have correct initial state","status":"passed","title":"should have correct initial state","duration":8.949394999999981,"failureMessages":[],"meta":{},"tags":[]},{"ancestorTitles":["Cron Store","fetchJobs"],"fullName":"Cron Store fetchJobs should fetch jobs successfully","status":"failed","title":"should fetch jobs successfully","duration":8.721674000000007,"failureMessages":["AssertionError: expected undefined to deeply equal [ { id: '1', name: 'Test Job', …(2) } ]\n    at /www/wwwroot/ai-work/tests/unit/cron-store.test.ts:57:26\n    at processTicksAndRejections (node:internal/process/task_queues:104:5)\n    at file:///www/wwwroot/ai-work/node_modules/@vitest/runner/dist/chunk-artifact.js:1903:20"],"meta":{},"tags":[]},{"ancestorTitles":["Cron Store","fetchJobs"],"fullName":"Cron Store fetchJobs should handle fetch error","status":"failed","title":"should handle fetch error","duration":1.729565999999977,"failureMessages":["AssertionError: expected undefined to deeply equal []\n    at /www/wwwroot/ai-work/tests/unit/cron-store.test.ts:70:26\n    at processTicksAndRejections (node:internal/process/task_queues:104:5)\n    at file:///www/wwwroot/ai-work/node_modules/@vitest/runner/dist/chunk-artifact.js:1903:20"],"meta":{},"tags":[]},{"ancestorTitles":["Cron Store","fetchStatus"],"fullName":"Cron Store fetchStatus should fetch status successfully","status":"failed","title":"should fetch status successfully","duration":2.7480900000000474,"failureMessages":["AssertionError: expected undefined to deeply equal { totalJobs: 5, runningJobs: 2, …(1) }\n    at /www/wwwroot/ai-work/tests/unit/cron-store.test.ts:86:28\n    at processTicksAndRejections (node:internal/process/task_queues:104:5)\n    at file:///www/wwwroot/ai-work/node_modules/@vitest/runner/dist/chunk-artifact.js:1903:20"],"meta":{},"tags":[]},{"ancestorTitles":["Cron Store","fetchStatus"],"fullName":"Cron Store fetchStatus should handle status fetch error","status":"failed","title":"should handle status fetch error","duration":1.4240859999999884,"failureMessages":["AssertionError: expected undefined to be null\n    at /www/wwwroot/ai-work/tests/unit/cron-store.test.ts:98:28\n    at processTicksAndRejections (node:internal/process/task_queues:104:5)\n    at file:///www/wwwroot/ai-work/node_modules/@vitest/runner/dist/chunk-artifact.js:1903:20"],"meta":{},"tags":[]},{"ancestorTitles":["Cron Store","fetchRuns"],"fullName":"Cron Store fetchRuns should fetch runs for a job","status":"failed","title":"should fetch runs for a job","duration":1.7831669999999349,"failureMessages":["AssertionError: expected undefined to deeply equal [ { id: 'run1', jobId: '1', …(2) } ]\n    at /www/wwwroot/ai-work/tests/unit/cron-store.test.ts:117:26\n    at processTicksAndRejections (node:internal/process/task_queues:104:5)\n    at file:///www/wwwroot/ai-work/node_modules/@vitest/runner/dist/chunk-artifact.js:1903:20"],"meta":{},"tags":[]},{"ancestorTitles":["Cron Store","createJob"],"fullName":"Cron Store createJob should create a job successfully","status":"passed","title":"should create a job successfully","duration":0.9654840000000604,"failureMessages":[],"meta":{},"tags":[]},{"ancestorTitles":["Cron Store","createJob"],"fullName":"Cron Store createJob should handle create error","status":"failed","title":"should handle create error","duration":2.8914510000000746,"failureMessages":["Error: promise resolved \"undefined\" instead of rejecting\n    at _Assertion.__VITEST_REJECTS__ (file:///www/wwwroot/ai-work/node_modules/@vitest/expect/dist/index.js:1747:17)\n    at _Assertion.propertyGetter (file:///www/wwwroot/ai-work/node_modules/chai/index.js:1570:27)\n    at Reflect.get (<anonymous>)\n    at Object.proxyGetter [as get] (file:///www/wwwroot/ai-work/node_modules/chai/index.js:1659:22)\n    at /www/wwwroot/ai-work/tests/unit/cron-store.test.ts:143:79\n    at processTicksAndRejections (node:internal/process/task_queues:104:5)\n    at file:///www/wwwroot/ai-work/node_modules/@vitest/runner/dist/chunk-artifact.js:1903:20"],"meta":{},"tags":[]},{"ancestorTitles":["Cron Store","updateJob"],"fullName":"Cron Store updateJob should update a job successfully","status":"failed","title":"should update a job successfully","duration":1.4195660000000316,"failureMessages":["TypeError: Cannot set properties of null (setting 'value')\n    at /www/wwwroot/ai-work/tests/unit/cron-store.test.ts:159:27\n    at processTicksAndRejections (node:internal/process/task_queues:104:5)\n    at file:///www/wwwroot/ai-work/node_modules/@vitest/runner/dist/chunk-artifact.js:1903:20"],"meta":{},"tags":[]},{"ancestorTitles":["Cron Store","deleteJob"],"fullName":"Cron Store deleteJob should delete a job successfully","status":"failed","title":"should delete a job successfully","duration":1.6119660000000522,"failureMessages":["TypeError: Cannot set properties of null (setting 'value')\n    at /www/wwwroot/ai-work/tests/unit/cron-store.test.ts:176:27\n    at processTicksAndRejections (node:internal/process/task_queues:104:5)\n    at file:///www/wwwroot/ai-work/node_modules/@vitest/runner/dist/chunk-artifact.js:1903:20"],"meta":{},"tags":[]},{"ancestorTitles":["Cron Store","runJob"],"fullName":"Cron Store runJob should run a job in force mode","status":"failed","title":"should run a job in force mode","duration":1.5236059999999725,"failureMessages":["AssertionError: expected \"vi.fn()\" to be called with arguments: [ '1', 'force' ]\u001b[90m\n\nNumber of calls: \u001b[1m0\u001b[22m\n\u001b[39m\n    at Proxy.<anonymous> (file:///www/wwwroot/ai-work/node_modules/@vitest/expect/dist/index.js:1487:10)\n    at Proxy.<anonymous> (file:///www/wwwroot/ai-work/node_modules/@vitest/expect/dist/index.js:1156:15)\n    at Proxy.methodWrapper (file:///www/wwwroot/ai-work/node_modules/chai/index.js:1700:25)\n    at /www/wwwroot/ai-work/tests/unit/cron-store.test.ts:198:39\n    at processTicksAndRejections (node:internal/process/task_queues:104:5)\n    at file:///www/wwwroot/ai-work/node_modules/@vitest/runner/dist/chunk-artifact.js:1903:20"],"meta":{},"tags":[]},{"ancestorTitles":["Cron Store","runJob"],"fullName":"Cron Store runJob should run a job in due mode","status":"failed","title":"should run a job in due mode","duration":1.037684000000013,"failureMessages":["AssertionError: expected \"vi.fn()\" to be called with arguments: [ '1', 'due' ]\u001b[90m\n\nNumber of calls: \u001b[1m0\u001b[22m\n\u001b[39m\n    at Proxy.<anonymous> (file:///www/wwwroot/ai-work/node_modules/@vitest/expect/dist/index.js:1487:10)\n    at Proxy.<anonymous> (file:///www/wwwroot/ai-work/node_modules/@vitest/expect/dist/index.js:1156:15)\n    at Proxy.methodWrapper (file:///www/wwwroot/ai-work/node_modules/chai/index.js:1700:25)\n    at /www/wwwroot/ai-work/tests/unit/cron-store.test.ts:212:39\n    at processTicksAndRejections (node:internal/process/task_queues:104:5)\n    at file:///www/wwwroot/ai-work/node_modules/@vitest/runner/dist/chunk-artifact.js:1903:20"],"meta":{},"tags":[]},{"ancestorTitles":["Cron Store","clearRuns"],"fullName":"Cron Store clearRuns should clear selected job and runs","status":"failed","title":"should clear selected job and runs","duration":0.787003000000027,"failureMessages":["TypeError: Cannot set properties of null (setting 'value')\n    at /www/wwwroot/ai-work/tests/unit/cron-store.test.ts:219:27\n    at file:///www/wwwroot/ai-work/node_modules/@vitest/runner/dist/chunk-artifact.js:302:11\n    at file:///www/wwwroot/ai-work/node_modules/@vitest/runner/dist/chunk-artifact.js:1903:26\n    at file:///www/wwwroot/ai-work/node_modules/@vitest/runner/dist/chunk-artifact.js:2326:20\n    at new Promise (<anonymous>)\n    at runWithCancel (file:///www/wwwroot/ai-work/node_modules/@vitest/runner/dist/chunk-artifact.js:2323:10)\n    at file:///www/wwwroot/ai-work/node_modules/@vitest/runner/dist/chunk-artifact.js:2305:20\n    at new Promise (<anonymous>)\n    at runWithTimeout (file:///www/wwwroot/ai-work/node_modules/@vitest/runner/dist/chunk-artifact.js:2272:10)\n    at file:///www/wwwroot/ai-work/node_modules/@vitest/runner/dist/chunk-artifact.js:2955:64"],"meta":{},"tags":[]}],"startTime":1775855487887,"endTime":1775855487923.787,"status":"failed","message":"","name":"/www/wwwroot/ai-work/tests/unit/cron-store.test.ts"},{"assertionResults":[{"ancestorTitles":["DashboardCard"],"fullName":"DashboardCard renders with title","status":"failed","title":"renders with title","duration":22.94380799999999,"failureMessages":["SyntaxError: Need to install with `app.use` function\n    at createCompileError (file:///www/wwwroot/ai-work/node_modules/@intlify/message-compiler/dist/message-compiler.node.mjs:95:19)\n    at createI18nError (file:///www/wwwroot/ai-work/node_modules/vue-i18n/dist/vue-i18n.mjs:103:12)\n    at useI18n (file:///www/wwwroot/ai-work/node_modules/vue-i18n/dist/vue-i18n.mjs:2347:15)\n    at setup (/www/wwwroot/ai-work/src/components/charts/DashboardCard.vue:36:15)\n    at callWithErrorHandling (/www/wwwroot/ai-work/node_modules/@vue/runtime-core/dist/runtime-core.cjs.js:200:19)\n    at setupStatefulComponent (/www/wwwroot/ai-work/node_modules/@vue/runtime-core/dist/runtime-core.cjs.js:7999:25)\n    at setupComponent (/www/wwwroot/ai-work/node_modules/@vue/runtime-core/dist/runtime-core.cjs.js:7961:36)\n    at mountComponent (/www/wwwroot/ai-work/node_modules/@vue/runtime-core/dist/runtime-core.cjs.js:5903:7)\n    at processComponent (/www/wwwroot/ai-work/node_modules/@vue/runtime-core/dist/runtime-core.cjs.js:5869:9)\n    at patch (/www/wwwroot/ai-work/node_modules/@vue/runtime-core/dist/runtime-core.cjs.js:5386:11)"],"meta":{},"tags":[]},{"ancestorTitles":["DashboardCard"],"fullName":"DashboardCard shows refresh button when showRefresh is true","status":"failed","title":"shows refresh button when showRefresh is true","duration":3.1274120000002767,"failureMessages":["SyntaxError: Need to install with `app.use` function\n    at createCompileError (file:///www/wwwroot/ai-work/node_modules/@intlify/message-compiler/dist/message-compiler.node.mjs:95:19)\n    at createI18nError (file:///www/wwwroot/ai-work/node_modules/vue-i18n/dist/vue-i18n.mjs:103:12)\n    at useI18n (file:///www/wwwroot/ai-work/node_modules/vue-i18n/dist/vue-i18n.mjs:2347:15)\n    at setup (/www/wwwroot/ai-work/src/components/charts/DashboardCard.vue:36:15)\n    at callWithErrorHandling (/www/wwwroot/ai-work/node_modules/@vue/runtime-core/dist/runtime-core.cjs.js:200:19)\n    at setupStatefulComponent (/www/wwwroot/ai-work/node_modules/@vue/runtime-core/dist/runtime-core.cjs.js:7999:25)\n    at setupComponent (/www/wwwroot/ai-work/node_modules/@vue/runtime-core/dist/runtime-core.cjs.js:7961:36)\n    at mountComponent (/www/wwwroot/ai-work/node_modules/@vue/runtime-core/dist/runtime-core.cjs.js:5903:7)\n    at processComponent (/www/wwwroot/ai-work/node_modules/@vue/runtime-core/dist/runtime-core.cjs.js:5869:9)\n    at patch (/www/wwwroot/ai-work/node_modules/@vue/runtime-core/dist/runtime-core.cjs.js:5386:11)"],"meta":{},"tags":[]},{"ancestorTitles":["DashboardCard"],"fullName":"DashboardCard emits refresh event when refresh button clicked","status":"failed","title":"emits refresh event when refresh button clicked","duration":2.42441000000008,"failureMessages":["SyntaxError: Need to install with `app.use` function\n    at createCompileError (file:///www/wwwroot/ai-work/node_modules/@intlify/message-compiler/dist/message-compiler.node.mjs:95:19)\n    at createI18nError (file:///www/wwwroot/ai-work/node_modules/vue-i18n/dist/vue-i18n.mjs:103:12)\n    at useI18n (file:///www/wwwroot/ai-work/node_modules/vue-i18n/dist/vue-i18n.mjs:2347:15)\n    at setup (/www/wwwroot/ai-work/src/components/charts/DashboardCard.vue:36:15)\n    at callWithErrorHandling (/www/wwwroot/ai-work/node_modules/@vue/runtime-core/dist/runtime-core.cjs.js:200:19)\n    at setupStatefulComponent (/www/wwwroot/ai-work/node_modules/@vue/runtime-core/dist/runtime-core.cjs.js:7999:25)\n    at setupComponent (/www/wwwroot/ai-work/node_modules/@vue/runtime-core/dist/runtime-core.cjs.js:7961:36)\n    at mountComponent (/www/wwwroot/ai-work/node_modules/@vue/runtime-core/dist/runtime-core.cjs.js:5903:7)\n    at processComponent (/www/wwwroot/ai-work/node_modules/@vue/runtime-core/dist/runtime-core.cjs.js:5869:9)\n    at patch (/www/wwwroot/ai-work/node_modules/@vue/runtime-core/dist/runtime-core.cjs.js:5386:11)"],"meta":{},"tags":[]},{"ancestorTitles":["DashboardCard"],"fullName":"DashboardCard shows loading spinner when loading is true","status":"failed","title":"shows loading spinner when loading is true","duration":2.173887999999806,"failureMessages":["SyntaxError: Need to install with `app.use` function\n    at createCompileError (file:///www/wwwroot/ai-work/node_modules/@intlify/message-compiler/dist/message-compiler.node.mjs:95:19)\n    at createI18nError (file:///www/wwwroot/ai-work/node_modules/vue-i18n/dist/vue-i18n.mjs:103:12)\n    at useI18n (file:///www/wwwroot/ai-work/node_modules/vue-i18n/dist/vue-i18n.mjs:2347:15)\n    at setup (/www/wwwroot/ai-work/src/components/charts/DashboardCard.vue:36:15)\n    at callWithErrorHandling (/www/wwwroot/ai-work/node_modules/@vue/runtime-core/dist/runtime-core.cjs.js:200:19)\n    at setupStatefulComponent (/www/wwwroot/ai-work/node_modules/@vue/runtime-core/dist/runtime-core.cjs.js:7999:25)\n    at setupComponent (/www/wwwroot/ai-work/node_modules/@vue/runtime-core/dist/runtime-core.cjs.js:7961:36)\n    at mountComponent (/www/wwwroot/ai-work/node_modules/@vue/runtime-core/dist/runtime-core.cjs.js:5903:7)\n    at processComponent (/www/wwwroot/ai-work/node_modules/@vue/runtime-core/dist/runtime-core.cjs.js:5869:9)\n    at patch (/www/wwwroot/ai-work/node_modules/@vue/runtime-core/dist/runtime-core.cjs.js:5386:11)"],"meta":{},"tags":[]},{"ancestorTitles":["DashboardCard"],"fullName":"DashboardCard shows error alert when error is provided","status":"failed","title":"shows error alert when error is provided","duration":2.053248000000167,"failureMessages":["SyntaxError: Need to install with `app.use` function\n    at createCompileError (file:///www/wwwroot/ai-work/node_modules/@intlify/message-compiler/dist/message-compiler.node.mjs:95:19)\n    at createI18nError (file:///www/wwwroot/ai-work/node_modules/vue-i18n/dist/vue-i18n.mjs:103:12)\n    at useI18n (file:///www/wwwroot/ai-work/node_modules/vue-i18n/dist/vue-i18n.mjs:2347:15)\n    at setup (/www/wwwroot/ai-work/src/components/charts/DashboardCard.vue:36:15)\n    at callWithErrorHandling (/www/wwwroot/ai-work/node_modules/@vue/runtime-core/dist/runtime-core.cjs.js:200:19)\n    at setupStatefulComponent (/www/wwwroot/ai-work/node_modules/@vue/runtime-core/dist/runtime-core.cjs.js:7999:25)\n    at setupComponent (/www/wwwroot/ai-work/node_modules/@vue/runtime-core/dist/runtime-core.cjs.js:7961:36)\n    at mountComponent (/www/wwwroot/ai-work/node_modules/@vue/runtime-core/dist/runtime-core.cjs.js:5903:7)\n    at processComponent (/www/wwwroot/ai-work/node_modules/@vue/runtime-core/dist/runtime-core.cjs.js:5869:9)\n    at patch (/www/wwwroot/ai-work/node_modules/@vue/runtime-core/dist/runtime-core.cjs.js:5386:11)"],"meta":{},"tags":[]},{"ancestorTitles":["DashboardCard"],"fullName":"DashboardCard renders default slot content","status":"failed","title":"renders default slot content","duration":10.263120000000072,"failureMessages":["SyntaxError: Need to install with `app.use` function\n    at createCompileError (file:///www/wwwroot/ai-work/node_modules/@intlify/message-compiler/dist/message-compiler.node.mjs:95:19)\n    at createI18nError (file:///www/wwwroot/ai-work/node_modules/vue-i18n/dist/vue-i18n.mjs:103:12)\n    at useI18n (file:///www/wwwroot/ai-work/node_modules/vue-i18n/dist/vue-i18n.mjs:2347:15)\n    at setup (/www/wwwroot/ai-work/src/components/charts/DashboardCard.vue:36:15)\n    at callWithErrorHandling (/www/wwwroot/ai-work/node_modules/@vue/runtime-core/dist/runtime-core.cjs.js:200:19)\n    at setupStatefulComponent (/www/wwwroot/ai-work/node_modules/@vue/runtime-core/dist/runtime-core.cjs.js:7999:25)\n    at setupComponent (/www/wwwroot/ai-work/node_modules/@vue/runtime-core/dist/runtime-core.cjs.js:7961:36)\n    at mountComponent (/www/wwwroot/ai-work/node_modules/@vue/runtime-core/dist/runtime-core.cjs.js:5903:7)\n    at processComponent (/www/wwwroot/ai-work/node_modules/@vue/runtime-core/dist/runtime-core.cjs.js:5869:9)\n    at patch (/www/wwwroot/ai-work/node_modules/@vue/runtime-core/dist/runtime-core.cjs.js:5386:11)"],"meta":{},"tags":[]}],"startTime":1775855494501,"endTime":1775855494544.2632,"status":"failed","message":"","name":"/www/wwwroot/ai-work/tests/unit/dashboard-card.test.ts"},{"assertionResults":[{"ancestorTitles":["Notification Store - Unit Tests","Notification Creation"],"fullName":"Notification Store - Unit Tests Notification Creation add() creates notification with correct structure","status":"passed","title":"add() creates notification with correct structure","duration":5.4771409999999605,"failureMessages":[],"meta":{},"tags":[]},{"ancestorTitles":["Notification Store - Unit Tests","Notification Creation"],"fullName":"Notification Store - Unit Tests Notification Creation info() creates info-level notification","status":"passed","title":"info() creates info-level notification","duration":1.8679270000000088,"failureMessages":[],"meta":{},"tags":[]},{"ancestorTitles":["Notification Store - Unit Tests","Notification Creation"],"fullName":"Notification Store - Unit Tests Notification Creation warn() creates warning-level notification","status":"passed","title":"warn() creates warning-level notification","duration":0.7293229999999085,"failureMessages":[],"meta":{},"tags":[]},{"ancestorTitles
[...]
dist/runtime-core.cjs.js:5869:9)\n    at patch (/www/wwwroot/ai-work/node_modules/@vue/runtime-core/dist/runtime-core.cjs.js:5386:11)"],"meta":{},"tags":[]},{"ancestorTitles":["SmartSearchFilter"],"fullName":"SmartSearchFilter toggles quick filter off when clicked again","status":"failed","title":"toggles quick filter off when clicked again","duration":1.8322870000001785,"failureMessages":["SyntaxError: Need to install with `app.use` function\n    at createCompileError (file:///www/wwwroot/ai-work/node_modules/@intlify/message-compiler/dist/message-compiler.node.mjs:95:19)\n    at createI18nError (file:///www/wwwroot/ai-work/node_modules/vue-i18n/dist/vue-i18n.mjs:103:12)\n    at useI18n (file:///www/wwwroot/ai-work/node_modules/vue-i18n/dist/vue-i18n.mjs:2347:15)\n    at setup (/www/wwwroot/ai-work/src/components/common/SmartSearchFilter.vue:164:23)\n    at callWithErrorHandling (/www/wwwroot/ai-work/node_modules/@vue/runtime-core/dist/runtime-core.cjs.js:200:19)\n    at setupStatefulComponent (/www/wwwroot/ai-work/node_modules/@vue/runtime-core/dist/runtime-core.cjs.js:7999:25)\n    at setupComponent (/www/wwwroot/ai-work/node_modules/@vue/runtime-core/dist/runtime-core.cjs.js:7961:36)\n    at mountComponent (/www/wwwroot/ai-work/node_modules/@vue/runtime-core/dist/runtime-core.cjs.js:5903:7)\n    at processComponent (/www/wwwroot/ai-work/node_modules/@vue/runtime-core/dist/runtime-core.cjs.js:5869:9)\n    at patch (/www/wwwroot/ai-work/node_modules/@vue/runtime-core/dist/runtime-core.cjs.js:5386:11)"],"meta":{},"tags":[]},{"ancestorTitles":["SmartSearchFilter"],"fullName":"SmartSearchFilter resets all filters when reset is called","status":"failed","title":"resets all filters when reset is called","duration":1.7195659999997588,"failureMessages":["SyntaxError: Need to install with `app.use` function\n    at createCompileError (file:///www/wwwroot/ai-work/node_modules/@intlify/message-compiler/dist/message-compiler.node.mjs:95:19)\n    at createI18nError (file:///www/wwwroot/ai-work/node_modules/vue-i18n/dist/vue-i18n.mjs:103:12)\n    at useI18n (file:///www/wwwroot/ai-work/node_modules/vue-i18n/dist/vue-i18n.mjs:2347:15)\n    at setup (/www/wwwroot/ai-work/src/components/common/SmartSearchFilter.vue:164:23)\n    at callWithErrorHandling (/www/wwwroot/ai-work/node_modules/@vue/runtime-core/dist/runtime-core.cjs.js:200:19)\n    at setupStatefulComponent (/www/wwwroot/ai-work/node_modules/@vue/runtime-core/dist/runtime-core.cjs.js:7999:25)\n    at setupComponent (/www/wwwroot/ai-work/node_modules/@vue/runtime-core/dist/runtime-core.cjs.js:7961:36)\n    at mountComponent (/www/wwwroot/ai-work/node_modules/@vue/runtime-core/dist/runtime-core.cjs.js:5903:7)\n    at processComponent (/www/wwwroot/ai-work/node_modules/@vue/runtime-core/dist/runtime-core.cjs.js:5869:9)\n    at patch (/www/wwwroot/ai-work/node_modules/@vue/runtime-core/dist/runtime-core.cjs.js:5386:11)"],"meta":{},"tags":[]},{"ancestorTitles":["SmartSearchFilter"],"fullName":"SmartSearchFilter shows search suggestions when typing","status":"failed","title":"shows search suggestions when typing","duration":1.661127000000306,"failureMessages":["SyntaxError: Need to install with `app.use` function\n    at createCompileError (file:///www/wwwroot/ai-work/node_modules/@intlify/message-compiler/dist/message-compiler.node.mjs:95:19)\n    at createI18nError (file:///www/wwwroot/ai-work/node_modules/vue-i18n/dist/vue-i18n.mjs:103:12)\n    at useI18n (file:///www/wwwroot/ai-work/node_modules/vue-i18n/dist/vue-i18n.mjs:2347:15)\n    at setup (/www/wwwroot/ai-work/src/components/common/SmartSearchFilter.vue:164:23)\n    at callWithErrorHandling (/www/wwwroot/ai-work/node_modules/@vue/runtime-core/dist/runtime-core.cjs.js:200:19)\n    at setupStatefulComponent (/www/wwwroot/ai-work/node_modules/@vue/runtime-core/dist/runtime-core.cjs.js:7999:25)\n    at setupComponent (/www/wwwroot/ai-work/node_modules/@vue/runtime-core/dist/runtime-core.cjs.js:7961:36)\n    at mountComponent (/www/wwwroot/ai-work/node_modules/@vue/runtime-core/dist/runtime-core.cjs.js:5903:7)\n    at processComponent (/www/wwwroot/ai-work/node_modules/@vue/runtime-core/dist/runtime-core.cjs.js:5869:9)\n    at patch (/www/wwwroot/ai-work/node_modules/@vue/runtime-core/dist/runtime-core.cjs.js:5386:11)"],"meta":{},"tags":[]},{"ancestorTitles":["SmartSearchFilter"],"fullName":"SmartSearchFilter applies suggestion when clicked","status":"failed","title":"applies suggestion when clicked","duration":1.7702869999998256,"failureMessages":["SyntaxError: Need to install with `app.use` function\n    at createCompileError (file:///www/wwwroot/ai-work/node_modules/@intlify/message-compiler/dist/message-compiler.node.mjs:95:19)\n    at createI18nError (file:///www/wwwroot/ai-work/node_modules/vue-i18n/dist/vue-i18n.mjs:103:12)\n    at useI18n (file:///www/wwwroot/ai-work/node_modules/vue-i18n/dist/vue-i18n.mjs:2347:15)\n    at setup (/www/wwwroot/ai-work/src/components/common/SmartSearchFilter.vue:164:23)\n    at callWithErrorHandling (/www/wwwroot/ai-work/node_modules/@vue/runtime-core/dist/runtime-core.cjs.js:200:19)\n    at setupStatefulComponent (/www/wwwroot/ai-work/node_modules/@vue/runtime-core/dist/runtime-core.cjs.js:7999:25)\n    at setupComponent (/www/wwwroot/ai-work/node_modules/@vue/runtime-core/dist/runtime-core.cjs.js:7961:36)\n    at mountComponent (/www/wwwroot/ai-work/node_modules/@vue/runtime-core/dist/runtime-core.cjs.js:5903:7)\n    at processComponent (/www/wwwroot/ai-work/node_modules/@vue/runtime-core/dist/runtime-core.cjs.js:5869:9)\n    at patch (/www/wwwroot/ai-work/node_modules/@vue/runtime-core/dist/runtime-core.cjs.js:5386:11)"],"meta":{},"tags":[]}],"startTime":1775855492039,"endTime":1775855492076.7703,"status":"failed","message":"","name":"/www/wwwroot/ai-work/tests/unit/smart-search.test.ts"},{"assertionResults":[{"ancestorTitles":["StatCard"],"fullName":"StatCard renders with icon, value, and label","status":"passed","title":"renders with icon, value, and label","duration":89.6018240000003,"failureMessages":[],"meta":{},"tags":[]},{"ancestorTitles":["StatCard"],"fullName":"StatCard formats large numbers with commas","status":"passed","title":"formats large numbers with commas","duration":18.47671100000025,"failureMessages":[],"meta":{},"tags":[]},{"ancestorTitles":["StatCard"],"fullName":"StatCard shows positive trend when trend > 0","status":"passed","title":"shows positive trend when trend > 0","duration":26.236339999999927,"failureMessages":[],"meta":{},"tags":[]},{"ancestorTitles":["StatCard"],"fullName":"StatCard shows negative trend when trend < 0","status":"passed","title":"shows negative trend when trend < 0","duration":9.144075999999586,"failureMessages":[],"meta":{},"tags":[]},{"ancestorTitles":["StatCard"],"fullName":"StatCard does not show trend when trend is null","status":"passed","title":"does not show trend when trend is null","duration":6.91926599999988,"failureMessages":[],"meta":{},"tags":[]},{"ancestorTitles":["StatCard"],"fullName":"StatCard applies custom icon background and color","status":"passed","title":"applies custom icon background and color","duration":8.183070999999927,"failureMessages":[],"meta":{},"tags":[]},{"ancestorTitles":["StatCard"],"fullName":"StatCard handles zero value correctly","status":"passed","title":"handles zero value correctly","duration":5.739661999999953,"failureMessages":[],"meta":{},"tags":[]},{"ancestorTitles":["StatCard"],"fullName":"StatCard handles negative value correctly","status":"passed","title":"handles negative value correctly","duration":5.4645409999998265,"failureMessages":[],"meta":{},"tags":[]}],"startTime":1775855497825,"endTime":1775855497995.4646,"status":"passed","message":"","name":"/www/wwwroot/ai-work/tests/unit/stat-card.test.ts"},{"assertionResults":[{"ancestorTitles":["ThemeSwitcher"],"fullName":"ThemeSwitcher renders all theme buttons","status":"failed","title":"renders all theme buttons","duration":22.61012699999992,"failureMessages":["SyntaxError: Need to install with `app.use` function\n    at createCompileError (file:///www/wwwroot/ai-work/node_modules/@intlify/message-compiler/dist/message-compiler.node.mjs:95:19)\n    at createI18nError (file:///www/wwwroot/ai-work/node_modules/vue-i18n/dist/vue-i18n.mjs:103:12)\n    at useI18n (file:///www/wwwroot/ai-work/node_modules/vue-i18n/dist/vue-i18n.mjs:2347:15)\n    at setup (/www/wwwroot/ai-work/src/components/common/ThemeSwitcher.vue:39:23)\n    at callWithErrorHandling (/www/wwwroot/ai-work/node_modules/@vue/runtime-core/dist/runtime-core.cjs.js:200:19)\n    at setupStatefulComponent (/www/wwwroot/ai-work/node_modules/@vue/runtime-core/dist/runtime-core.cjs.js:7999:25)\n    at setupComponent (/www/wwwroot/ai-work/node_modules/@vue/runtime-core/dist/runtime-core.cjs.js:7961:36)\n    at mountComponent (/www/wwwroot/ai-work/node_modules/@vue/runtime-core/dist/runtime-core.cjs.js:5903:7)\n    at processComponent (/www/wwwroot/ai-work/node_modules/@vue/runtime-core/dist/runtime-core.cjs.js:5869:9)\n    at patch (/www/wwwroot/ai-work/node_modules/@vue/runtime-core/dist/runtime-core.cjs.js:5386:11)"],"meta":{},"tags":[]},{"ancestorTitles":["ThemeSwitcher"],"fullName":"ThemeSwitcher sets default theme from props","status":"failed","title":"sets default theme from props","duration":4.899738999999954,"failureMessages":["SyntaxError: Need to install with `app.use` function\n    at createCompileError (file:///www/wwwroot/ai-work/node_modules/@intlify/message-compiler/dist/message-compiler.node.mjs:95:19)\n    at createI18nError (file:///www/wwwroot/ai-work/node_modules/vue-i18n/dist/vue-i18n.mjs:103:12)\n    at useI18n (file:///www/wwwroot/ai-work/node_modules/vue-i18n/dist/vue-i18n.mjs:2347:15)\n    at setup (/www/wwwroot/ai-work/src/components/common/ThemeSwitcher.vue:39:23)\n    at callWithErrorHandling (/www/wwwroot/ai-work/node_modules/@vue/runtime-core/dist/runtime-core.cjs.js:200:19)\n    at setupStatefulComponent (/www/wwwroot/ai-work/node_modules/@vue/runtime-core/dist/runtime-core.cjs.js:7999:25)\n    at setupComponent (/www/wwwroot/ai-work/node_modules/@vue/runtime-core/dist/runtime-core.cjs.js:7961:36)\n    at mountComponent (/www/wwwroot/ai-work/node_modules/@vue/runtime-core/dist/runtime-core.cjs.js:5903:7)\n    at processComponent (/www/wwwroot/ai-work/node_modules/@vue/runtime-core/dist/runtime-core.cjs.js:5869:9)\n    at patch (/www/wwwroot/ai-work/node_modules/@vue/runtime-core/dist/runtime-core.cjs.js:5386:11)"],"meta":{},"tags":[]},{"ancestorTitles":["ThemeSwitcher"],"fullName":"ThemeSwitcher emits theme change event","status":"failed","title":"emits theme change event","duration":5.017698999999993,"failureMessages":["SyntaxError: Need to install with `app.use` function\n    at createCompileError (file:///www/wwwroot/ai-work/node_modules/@intlify/message-compiler/dist/message-compiler.node.mjs:95:19)\n    at createI18nError (file:///www/wwwroot/ai-work/node_modules/vue-i18n/dist/vue-i18n.mjs:103:12)\n    at useI18n (file:///www/wwwroot/ai-work/node_modules/vue-i18n/dist/vue-i18n.mjs:2347:15)\n    at setup (/www/wwwroot/ai-work/src/components/common/ThemeSwitcher.vue:39:23)\n    at callWithErrorHandling (/www/wwwroot/ai-work/node_modules/@vue/runtime-core/dist/runtime-core.cjs.js:200:19)\n    at setupStatefulComponent (/www/wwwroot/ai-work/node_modules/@vue/runtime-core/dist/runtime-core.cjs.js:7999:25)\n    at setupComponent (/www/wwwroot/ai-work/node_modules/@vue/runtime-core/dist/runtime-core.cjs.js:7961:36)\n    at mountComponent (/www/wwwroot/ai-work/node_modules/@vue/runtime-core/dist/runtime-core.cjs.js:5903:7)\n    at processComponent (/www/wwwroot/ai-work/node_modules/@vue/runtime-core/dist/runtime-core.cjs.js:5869:9)\n    at patch (/www/wwwroot/ai-work/node_modules/@vue/runtime-core/dist/runtime-core.cjs.js:5386:11)"],"meta":{},"tags":[]},{"ancestorTitles":["ThemeSwitcher"],"fullName":"ThemeSwitcher saves theme to localStorage","status":"failed","title":"saves theme to localStorage","duration":3.0511320000000524,"failureMessages":["SyntaxError: Need to install with `app.use` function\n    at createCompileError (file:///www/wwwroot/ai-work/node_modules/@intlify/message-compiler/dist/message-compiler.node.mjs:95:19)\n    at createI18nError (file:///www/wwwroot/ai-work/node_modules/vue-i18n/dist/vue-i18n.mjs:103:12)\n    at useI18n (file:///www/wwwroot/ai-work/node_modules/vue-i18n/dist/vue-i18n.mjs:2347:15)\n    at setup (/www/wwwroot/ai-work/src/components/common/ThemeSwitcher.vue:39:23)\n    at callWithErrorHandling (/www/wwwroot/ai-work/node_modules/@vue/runtime-core/dist/runtime-core.cjs.js:200:19)\n    at setupStatefulComponent (/www/wwwroot/ai-work/node_modules/@vue/runtime-core/dist/runtime-core.cjs.js:7999:25)\n    at setupComponent (/www/wwwroot/ai-work/node_modules/@vue/runtime-core/dist/runtime-core.cjs.js:7961:36)\n    at mountComponent (/www/wwwroot/ai-work/node_modules/@vue/runtime-core/dist/runtime-core.cjs.js:5903:7)\n    at processComponent (/www/wwwroot/ai-work/node_modules/@vue/runtime-core/dist/runtime-core.cjs.js:5869:9)\n    at patch (/www/wwwroot/ai-work/node_modules/@vue/runtime-core/dist/runtime-core.cjs.js:5386:11)"],"meta":{},"tags":[]},{"ancestorTitles":["ThemeSwitcher"],"fullName":"ThemeSwitcher loads theme from localStorage on mount","status":"failed","title":"loads theme from localStorage on mount","duration":2.3757290000003195,"failureMessages":["SyntaxError: Need to install with `app.use` function\n    at createCompileError (file:///www/wwwroot/ai-work/node_modules/@intlify/message-compiler/dist/message-compiler.node.mjs:95:19)\n    at createI18nError (file:///www/wwwroot/ai-work/node_modules/vue-i18n/dist/vue-i18n.mjs:103:12)\n    at useI18n (file:///www/wwwroot/ai-work/node_modules/vue-i18n/dist/vue-i18n.mjs:2347:15)\n    at setup (/www/wwwroot/ai-work/src/components/common/ThemeSwitcher.vue:39:23)\n    at callWithErrorHandling (/www/wwwroot/ai-work/node_modules/@vue/runtime-core/dist/runtime-core.cjs.js:200:19)\n    at setupStatefulComponent (/www/wwwroot/ai-work/node_modules/@vue/runtime-core/dist/runtime-core.cjs.js:7999:25)\n    at setupComponent (/www/wwwroot/ai-work/node_modules/@vue/runtime-core/dist/runtime-core.cjs.js:7961:36)\n    at mountComponent (/www/wwwroot/ai-work/node_modules/@vue/runtime-core/dist/runtime-core.cjs.js:5903:7)\n    at processComponent (/www/wwwroot/ai-work/node_modules/@vue/runtime-core/dist/runtime-core.cjs.js:5869:9)\n    at patch (/www/wwwroot/ai-work/node_modules/@vue/runtime-core/dist/runtime-core.cjs.js:5386:11)"],"meta":{},"tags":[]},{"ancestorTitles":["ThemeSwitcher"],"fullName":"ThemeSwitcher applies theme to document","status":"failed","title":"applies theme to document","duration":2.3154890000000705,"failureMessages":["SyntaxError: Need to install with `app.use` function\n    at createCompileError (file:///www/wwwroot/ai-work/node_modules/@intlify/message-compiler/dist/message-compiler.node.mjs:95:19)\n    at createI18nError (file:///www/wwwroot/ai-work/node_modules/vue-i18n/dist/vue-i18n.mjs:103:12)\n    at useI18n (file:///www/wwwroot/ai-work/node_modules/vue-i18n/dist/vue-i18n.mjs:2347:15)\n    at setup (/www/wwwroot/ai-work/src/components/common/ThemeSwitcher.vue:39:23)\n    at callWithErrorHandling (/www/wwwroot/ai-work/node_modules/@vue/runtime-core/dist/runtime-core.cjs.js:200:19)\n    at setupStatefulComponent (/www/wwwroot/ai-work/node_modules/@vue/runtime-core/dist/runtime-core.cjs.js:7999:25)\n    at setupComponent (/www/wwwroot/ai-work/node_modules/@vue/runtime-core/dist/runtime-core.cjs.js:7961:36)\n    at mountComponent (/www/wwwroot/ai-work/node_modules/@vue/runtime-core/dist/runtime-core.cjs.js:5903:7)\n    at processComponent (/www/wwwroot/ai-work/node_modules/@vue/runtime-core/dist/runtime-core.cjs.js:5869:9)\n    at patch (/www/wwwroot/ai-work/node_modules/@vue/runtime-core/dist/runtime-core.cjs.js:5386:11)"],"meta":{},"tags":[]},{"ancestorTitles":["ThemeSwitcher"],"fullName":"ThemeSwitcher toggles theme class on document","status":"failed","title":"toggles theme class on document","duration":2.91169200000013,"failureMessages":["SyntaxError: Need to install with `app.use` function\n    at createCompileError (file:///www/wwwroot/ai-work/node_modules/@intlify/message-compiler/dist/message-compiler.node.mjs:95:19)\n    at createI18nError (file:///www/wwwroot/ai-work/node_modules/vue-i18n/dist/vue-i18n.mjs:103:12)\n    at useI18n (file:///www/wwwroot/ai-work/node_modules/vue-i18n/dist/vue-i18n.mjs:2347:15)\n    at setup (/www/wwwroot/ai-work/src/components/common/ThemeSwitcher.vue:39:23)\n    at callWithErrorHandling (/www/wwwroot/ai-work/node_modules/@vue/runtime-core/dist/runtime-core.cjs.js:200:19)\n    at setupStatefulComponent (/www/wwwroot/ai-work/node_modules/@vue/runtime-core/dist/runtime-core.cjs.js:7999:25)\n    at setupComponent (/www/wwwroot/ai-work/node_modules/@vue/runtime-core/dist/runtime-core.cjs.js:7961:36)\n    at mountComponent (/www/wwwroot/ai-work/node_modules/@vue/runtime-core/dist/runtime-core.cjs.js:5903:7)\n    at processComponent (/www/wwwroot/ai-work/node_modules/@vue/runtime-core/dist/runtime-core.cjs.js:5869:9)\n    at patch (/www/wwwroot/ai-work/node_modules/@vue/runtime-core/dist/runtime-core.cjs.js:5386:11)"],"meta":{},"tags":[]},{"ancestorTitles":["ThemeSwitcher"],"fullName":"ThemeSwitcher exposes getTheme and setTheme methods","status":"failed","title":"exposes getTheme and setTheme methods","duration":1.7150860000001558,"failureMessages":["SyntaxError: Need to install with `app.use` function\n    at createCompileError (file:///www/wwwroot/ai-work/node_modules/@intlify/message-compiler/dist/message-compiler.node.mjs:95:19)\n    at createI18nError (file:///www/wwwroot/ai-work/node_modules/vue-i18n/dist/vue-i18n.mjs:103:12)\n    at useI18n (file:///www/wwwroot/ai-work/node_modules/vue-i18n/dist/vue-i18n.mjs:2347:15)\n    at setup (/www/wwwroot/ai-work/src/components/common/ThemeSwitcher.vue:39:23)\n    at callWithErrorHandling (/www/wwwroot/ai-work/node_modules/@vue/runtime-core/dist/runtime-core.cjs.js:200:19)\n    at setupStatefulComponent (/www/wwwroot/ai-work/node_modules/@vue/runtime-core/dist/runtime-core.cjs.js:7999:25)\n    at setupComponent (/www/wwwroot/ai-work/node_modules/@vue/runtime-core/dist/runtime-core.cjs.js:7961:36)\n    at mountComponent (/www/wwwroot/ai-work/node_modules/@vue/runtime-core/dist/runtime-core.cjs.js:5903:7)\n    at processComponent (/www/wwwroot/ai-work/node_modules/@vue/runtime-core/dist/runtime-core.cjs.js:5869:9)\n    at patch (/www/wwwroot/ai-work/node_modules/@vue/runtime-core/dist/runtime-core.cjs.js:5386:11)"],"meta":{},"tags":[]}],"startTime":1775855489569,"endTime":1775855489613.715,"status":"failed","message":"","name":"/www/wwwroot/ai-work/tests/unit/theme-switcher.test.ts"},{"assertionResults":[],"startTime":1775855487083,"endTime":1775855487083,"status":"failed","message":"Failed to resolve import \"../../src/server/middleware/auth.js\" from \"tests/unit/middleware/auth.test.ts\". Does the file exist?","name":"/www/wwwroot/ai-work/tests/unit/middleware/auth.test.ts"},{"assertionResults":[],"startTime":1775855487083,"endTime":1775855487083,"status":"failed","message":"Failed to resolve import \"../../src/server/middleware/rbac.js\" from \"tests/unit/middleware/rbac.test.ts\". Does the file exist?","name":"/www/wwwroot/ai-work/tests/unit/middleware/rbac.test.ts"},{"assertionResults":[],"startTime":1775855487083,"endTime":1775855487083,"status":"failed","message":"Failed to resolve import \"../../src/server/services/auth.js\" from \"tests/unit/services/auth.test.ts\". Does the file exist?","name":"/www/wwwroot/ai-work/tests/unit/services/auth.test.ts"},{"assertionResults":[],"startTime":1775855487083,"endTime":1775855487083,"status":"failed","message":"Failed to resolve import \"../../src/server/services/notification.js\" from \"tests/unit/services/notification.test.ts\". Does the file exist?","name":"/www/wwwroot/ai-work/tests/unit/services/notification.test.ts"}]}